	.text
	.syntax unified
	.eabi_attribute	67, "2.09"	@ Tag_conformance
	.cpu	cortex-m23
	.eabi_attribute	6, 16	@ Tag_CPU_arch
	.eabi_attribute	7, 77	@ Tag_CPU_arch_profile
	.eabi_attribute	8, 0	@ Tag_ARM_ISA_use
	.eabi_attribute	9, 3	@ Tag_THUMB_ISA_use
	.eabi_attribute	34, 0	@ Tag_CPU_unaligned_access
	.eabi_attribute	17, 1	@ Tag_ABI_PCS_GOT_use
	.eabi_attribute	20, 2	@ Tag_ABI_FP_denormal
	.eabi_attribute	21, 0	@ Tag_ABI_FP_exceptions
	.eabi_attribute	23, 1	@ Tag_ABI_FP_number_model
	.eabi_attribute	24, 1	@ Tag_ABI_align_needed
	.eabi_attribute	25, 1	@ Tag_ABI_align_preserved
	.eabi_attribute	38, 1	@ Tag_ABI_FP_16bit_format
	.eabi_attribute	18, 2	@ Tag_ABI_PCS_wchar_t
	.eabi_attribute	26, 1	@ Tag_ABI_enum_size
	.eabi_attribute	14, 0	@ Tag_ABI_PCS_R9_use
	.file	"fmc_user.c"
	.file	1 "C:\\Keil_v5\\ARM\\ARMCLANG\\Bin\\..\\include" "stdint.h"
	.file	2 "C:\\Users\\jcliu\\Desktop\\M251BSP-master\\SampleCode\\ISP\\APROM\\KEIL" "../../../../Library/Device/Nuvoton/M251/Include/fmc_reg.h"
	.section	.text.FMC_Proc,"ax",%progbits
	.hidden	FMC_Proc                        @ -- Begin function FMC_Proc
	.globl	FMC_Proc
	.p2align	2
	.type	FMC_Proc,%function
	.code	16                              @ @FMC_Proc
	.thumb_func
FMC_Proc:
.Lfunc_begin0:
	.file	3 "C:\\Users\\jcliu\\Desktop\\M251BSP-master\\SampleCode\\ISP\\APROM\\KEIL" "../fmc_user.c"
	.loc	3 14 0                          @ ../fmc_user.c:14:0
	.fnstart
	.cfi_sections .debug_frame
	.cfi_startproc
@ %bb.0:
	@DEBUG_VALUE: FMC_Proc:u32Cmd <- $r0
	@DEBUG_VALUE: FMC_Proc:addr_start <- $r1
	@DEBUG_VALUE: FMC_Proc:addr_end <- $r2
	@DEBUG_VALUE: FMC_Proc:data <- $r3
	.save	{r4, r5, r6, r7, lr}
	.pad	#4
	push	{r3, r4, r5, r6, r7, lr}
	.cfi_def_cfa_offset 24
	.cfi_offset lr, -4
	.cfi_offset r7, -8
	.cfi_offset r6, -12
	.cfi_offset r5, -16
	.cfi_offset r4, -20
	mov	r4, r0
.Ltmp0:
	@DEBUG_VALUE: FMC_Proc:u32Cmd <- $r4
	ldr	r5, __arm_cp.0_0
.Ltmp1:
	@DEBUG_VALUE: FMC_Proc:u32Addr <- undef
	movs	r0, #0
	str	r0, [sp]                        @ 4-byte Spill
	movs	r6, #1
.Ltmp2:
.LBB0_1:                                @ =>This Loop Header: Depth=1
                                        @     Child Loop BB0_5 Depth 2
	@DEBUG_VALUE: FMC_Proc:u32Cmd <- $r4
	@DEBUG_VALUE: FMC_Proc:data <- $r3
	@DEBUG_VALUE: FMC_Proc:addr_end <- $r2
	@DEBUG_VALUE: FMC_Proc:data <- $r3
	@DEBUG_VALUE: FMC_Proc:u32Addr <- $r1
	.loc	3 17 5 prologue_end             @ ../fmc_user.c:17:5
	cmp	r1, r2
	bhs	.LBB0_12
.Ltmp3:
@ %bb.2:                                @   in Loop: Header=BB0_1 Depth=1
	@DEBUG_VALUE: FMC_Proc:u32Addr <- $r1
	@DEBUG_VALUE: FMC_Proc:u32Cmd <- $r4
	@DEBUG_VALUE: FMC_Proc:data <- $r3
	@DEBUG_VALUE: FMC_Proc:addr_end <- $r2
	.loc	3 19 21                         @ ../fmc_user.c:19:21
	str	r4, [r5, #12]
	.loc	3 20 22                         @ ../fmc_user.c:20:22
	str	r1, [r5, #4]
	.loc	3 22 13                         @ ../fmc_user.c:22:13
	cmp	r4, #33
	bne	.LBB0_4
.Ltmp4:
@ %bb.3:                                @   in Loop: Header=BB0_1 Depth=1
	@DEBUG_VALUE: FMC_Proc:u32Addr <- $r1
	@DEBUG_VALUE: FMC_Proc:u32Cmd <- $r4
	@DEBUG_VALUE: FMC_Proc:data <- $r3
	@DEBUG_VALUE: FMC_Proc:addr_end <- $r2
	.loc	3 24 27                         @ ../fmc_user.c:24:27
	ldr	r7, [r3]
	.loc	3 24 25 is_stmt 0               @ ../fmc_user.c:24:25
	str	r7, [r5, #8]
.Ltmp5:
.LBB0_4:                                @   in Loop: Header=BB0_1 Depth=1
	@DEBUG_VALUE: FMC_Proc:u32Addr <- $r1
	@DEBUG_VALUE: FMC_Proc:u32Cmd <- $r4
	@DEBUG_VALUE: FMC_Proc:data <- $r3
	@DEBUG_VALUE: FMC_Proc:addr_end <- $r2
	.loc	3 27 21 is_stmt 1               @ ../fmc_user.c:27:21
	str	r6, [r5, #16]
	.loc	3 28 9                          @ ../fmc_user.c:28:9
	isb	sy
.Ltmp6:
.LBB0_5:                                @   Parent Loop BB0_1 Depth=1
                                        @ =>  This Inner Loop Header: Depth=2
	@DEBUG_VALUE: FMC_Proc:u32Addr <- $r1
	@DEBUG_VALUE: FMC_Proc:u32Cmd <- $r4
	@DEBUG_VALUE: FMC_Proc:data <- $r3
	@DEBUG_VALUE: FMC_Proc:addr_end <- $r2
	.loc	3 30 21                         @ ../fmc_user.c:30:21
	ldr	r7, [r5, #16]
	.loc	3 30 9 is_stmt 0                @ ../fmc_user.c:30:9
	lsls	r7, r7, #31
	bne	.LBB0_5
.Ltmp7:
@ %bb.6:                                @   in Loop: Header=BB0_1 Depth=1
	@DEBUG_VALUE: FMC_Proc:u32Addr <- $r1
	@DEBUG_VALUE: FMC_Proc:u32Cmd <- $r4
	@DEBUG_VALUE: FMC_Proc:data <- $r3
	@DEBUG_VALUE: FMC_Proc:addr_end <- $r2
	.loc	3 34 20 is_stmt 1               @ ../fmc_user.c:34:20
	ldr	r7, [r5]
.Ltmp8:
	@DEBUG_VALUE: Reg <- $r7
	.loc	3 36 13                         @ ../fmc_user.c:36:13
	lsls	r0, r7, #25
	bmi	.LBB0_13
.Ltmp9:
@ %bb.7:                                @   in Loop: Header=BB0_1 Depth=1
	@DEBUG_VALUE: Reg <- $r7
	@DEBUG_VALUE: FMC_Proc:u32Addr <- $r1
	@DEBUG_VALUE: FMC_Proc:u32Cmd <- $r4
	@DEBUG_VALUE: FMC_Proc:data <- $r3
	@DEBUG_VALUE: FMC_Proc:addr_end <- $r2
	.loc	3 42 13                         @ ../fmc_user.c:42:13
	cmp	r4, #34
	bne	.LBB0_9
.Ltmp10:
@ %bb.8:                                @   in Loop: Header=BB0_1 Depth=1
	@DEBUG_VALUE: Reg <- $r7
	@DEBUG_VALUE: FMC_Proc:u32Addr <- $r1
	@DEBUG_VALUE: FMC_Proc:u32Cmd <- $r4
	@DEBUG_VALUE: FMC_Proc:data <- $r3
	@DEBUG_VALUE: FMC_Proc:addr_end <- $r2
	.loc	3 49 21                         @ ../fmc_user.c:49:21
	movw	r0, #512
	adds	r1, r1, r0
.Ltmp11:
	@DEBUG_VALUE: FMC_Proc:addr_start <- [DW_OP_LLVM_entry_value 1] $r1
	@DEBUG_VALUE: FMC_Proc:u32Addr <- $r1
	.loc	3 0 21 is_stmt 0                @ ../fmc_user.c:0:21
	b	.LBB0_1
.Ltmp12:
.LBB0_9:                                @   in Loop: Header=BB0_1 Depth=1
	@DEBUG_VALUE: Reg <- $r7
	@DEBUG_VALUE: FMC_Proc:u32Addr <- $r1
	@DEBUG_VALUE: FMC_Proc:u32Cmd <- $r4
	@DEBUG_VALUE: FMC_Proc:data <- $r3
	@DEBUG_VALUE: FMC_Proc:addr_end <- $r2
	.loc	3 42 13 is_stmt 1               @ ../fmc_user.c:42:13
	cbnz	r4, .LBB0_11
.Ltmp13:
@ %bb.10:                               @   in Loop: Header=BB0_1 Depth=1
	@DEBUG_VALUE: Reg <- $r7
	@DEBUG_VALUE: FMC_Proc:u32Addr <- $r1
	@DEBUG_VALUE: FMC_Proc:u32Cmd <- $r4
	@DEBUG_VALUE: FMC_Proc:data <- $r3
	@DEBUG_VALUE: FMC_Proc:addr_end <- $r2
	.loc	3 44 26                         @ ../fmc_user.c:44:26
	ldr	r0, [r5, #8]
	.loc	3 44 19 is_stmt 0               @ ../fmc_user.c:44:19
	str	r0, [r3]
.Ltmp14:
.LBB0_11:                               @   in Loop: Header=BB0_1 Depth=1
	@DEBUG_VALUE: Reg <- $r7
	@DEBUG_VALUE: FMC_Proc:u32Addr <- $r1
	@DEBUG_VALUE: FMC_Proc:u32Cmd <- $r4
	@DEBUG_VALUE: FMC_Proc:data <- $r3
	@DEBUG_VALUE: FMC_Proc:addr_end <- $r2
	.loc	3 54 17 is_stmt 1               @ ../fmc_user.c:54:17
	adds	r3, r3, #4
.Ltmp15:
	@DEBUG_VALUE: FMC_Proc:data <- $r3
	.loc	3 53 21                         @ ../fmc_user.c:53:21
	adds	r1, r1, #4
.Ltmp16:
	@DEBUG_VALUE: FMC_Proc:addr_start <- [DW_OP_LLVM_entry_value 1] $r1
	@DEBUG_VALUE: FMC_Proc:u32Addr <- $r1
	.loc	3 0 21 is_stmt 0                @ ../fmc_user.c:0:21
	b	.LBB0_1
.Ltmp17:
.LBB0_12:
	@DEBUG_VALUE: FMC_Proc:u32Addr <- $r1
	@DEBUG_VALUE: FMC_Proc:u32Cmd <- $r4
	@DEBUG_VALUE: FMC_Proc:data <- $r3
	@DEBUG_VALUE: FMC_Proc:addr_end <- $r2
	ldr	r0, [sp]                        @ 4-byte Reload
	.loc	3 59 1 is_stmt 1                @ ../fmc_user.c:59:1
	pop	{r3, r4, r5, r6, r7, pc}
.Ltmp18:
.LBB0_13:
	@DEBUG_VALUE: Reg <- $r7
	@DEBUG_VALUE: FMC_Proc:u32Addr <- $r1
	@DEBUG_VALUE: FMC_Proc:u32Cmd <- $r4
	@DEBUG_VALUE: FMC_Proc:data <- $r3
	@DEBUG_VALUE: FMC_Proc:addr_end <- $r2
	.loc	3 38 25                         @ ../fmc_user.c:38:25
	str	r7, [r5]
	movs	r0, #0
	mvns	r0, r0
.Ltmp19:
	@DEBUG_VALUE: FMC_Proc:u32Addr <- undef
	@DEBUG_VALUE: FMC_Proc:data <- undef
	.loc	3 59 1                          @ ../fmc_user.c:59:1
	pop	{r3, r4, r5, r6, r7, pc}
.Ltmp20:
	.p2align	2
@ %bb.14:
	.loc	3 0 1 is_stmt 0                 @ ../fmc_user.c:0:1
__arm_cp.0_0:
	.long	1073790976                      @ 0x4000c000
.Lcpi_end0:
	.size	__arm_cp.0_0, .Lcpi_end0-__arm_cp.0_0
.Lfunc_end0:
	.size	FMC_Proc, .Lfunc_end0-FMC_Proc
	.cfi_endproc
	.cantunwind
	.fnend
                                        @ -- End function
	.section	.text.FMC_Write_User,"ax",%progbits
	.hidden	FMC_Write_User                  @ -- Begin function FMC_Write_User
	.globl	FMC_Write_User
	.p2align	1
	.type	FMC_Write_User,%function
	.code	16                              @ @FMC_Write_User
	.thumb_func
FMC_Write_User:
.Lfunc_begin1:
	.loc	3 76 0 is_stmt 1                @ ../fmc_user.c:76:0
	.fnstart
	.cfi_startproc
@ %bb.0:
	@DEBUG_VALUE: FMC_Write_User:u32Addr <- $r0
	@DEBUG_VALUE: FMC_Write_User:u32Data <- $r1
	.save	{r4, lr}
	.pad	#8
	push	{r2, r3, r4, lr}
	.cfi_def_cfa_offset 16
	.cfi_offset lr, -4
	.cfi_offset r4, -8
	mov	r4, r0
.Ltmp21:
	@DEBUG_VALUE: FMC_Write_User:u32Addr <- $r4
	str	r1, [sp, #4]
.Ltmp22:
	@DEBUG_VALUE: FMC_Write_User:u32Data <- [DW_OP_plus_uconst 4, DW_OP_deref] $sp
	.loc	3 77 58 prologue_end            @ ../fmc_user.c:77:58
	adds	r2, r0, #4
	movs	r0, #33
	add	r3, sp, #4
	.loc	3 77 12 is_stmt 0               @ ../fmc_user.c:77:12
	mov	r1, r4
	bl	FMC_Proc
.Ltmp23:
	.loc	3 77 5                          @ ../fmc_user.c:77:5
	pop	{r2, r3, r4, pc}
.Ltmp24:
.Lfunc_end1:
	.size	FMC_Write_User, .Lfunc_end1-FMC_Write_User
	.cfi_endproc
	.cantunwind
	.fnend
                                        @ -- End function
	.section	.text.FMC_Read_User,"ax",%progbits
	.hidden	FMC_Read_User                   @ -- Begin function FMC_Read_User
	.globl	FMC_Read_User
	.p2align	1
	.type	FMC_Read_User,%function
	.code	16                              @ @FMC_Read_User
	.thumb_func
FMC_Read_User:
.Lfunc_begin2:
	.loc	3 95 0 is_stmt 1                @ ../fmc_user.c:95:0
	.fnstart
	.cfi_startproc
@ %bb.0:
	@DEBUG_VALUE: FMC_Read_User:u32Addr <- $r0
	@DEBUG_VALUE: FMC_Read_User:data <- $r1
	mov	r3, r1
.Ltmp25:
	@DEBUG_VALUE: FMC_Read_User:data <- $r3
	mov	r1, r0
.Ltmp26:
	@DEBUG_VALUE: FMC_Read_User:u32Addr <- $r1
	.loc	3 96 55 prologue_end            @ ../fmc_user.c:96:55
	adds	r2, r0, #4
	movs	r0, #0
.Ltmp27:
	.loc	3 96 12 is_stmt 0               @ ../fmc_user.c:96:12
	b	FMC_Proc
.Ltmp28:
.Lfunc_end2:
	.size	FMC_Read_User, .Lfunc_end2-FMC_Read_User
	.cfi_endproc
	.cantunwind
	.fnend
                                        @ -- End function
	.section	.text.FMC_Erase_User,"ax",%progbits
	.hidden	FMC_Erase_User                  @ -- Begin function FMC_Erase_User
	.globl	FMC_Erase_User
	.p2align	1
	.type	FMC_Erase_User,%function
	.code	16                              @ @FMC_Erase_User
	.thumb_func
FMC_Erase_User:
.Lfunc_begin3:
	.loc	3 113 0 is_stmt 1               @ ../fmc_user.c:113:0
	.fnstart
	.cfi_startproc
@ %bb.0:
	@DEBUG_VALUE: FMC_Erase_User:u32Addr <- $r0
	mov	r1, r0
.Ltmp29:
	@DEBUG_VALUE: FMC_Erase_User:u32Addr <- $r1
	.loc	3 114 61 prologue_end           @ ../fmc_user.c:114:61
	adds	r2, r0, #4
	movs	r0, #34
	movs	r3, #0
.Ltmp30:
	.loc	3 114 12 is_stmt 0              @ ../fmc_user.c:114:12
	b	FMC_Proc
.Ltmp31:
.Lfunc_end3:
	.size	FMC_Erase_User, .Lfunc_end3-FMC_Erase_User
	.cfi_endproc
	.cantunwind
	.fnend
                                        @ -- End function
	.section	.text.ReadData,"ax",%progbits
	.hidden	ReadData                        @ -- Begin function ReadData
	.globl	ReadData
	.p2align	1
	.type	ReadData,%function
	.code	16                              @ @ReadData
	.thumb_func
ReadData:
.Lfunc_begin4:
	.loc	3 118 0 is_stmt 1               @ ../fmc_user.c:118:0
	.fnstart
	.cfi_startproc
@ %bb.0:
	@DEBUG_VALUE: ReadData:addr_start <- $r0
	@DEBUG_VALUE: ReadData:addr_end <- $r1
	@DEBUG_VALUE: ReadData:data <- $r2
	mov	r3, r2
.Ltmp32:
	@DEBUG_VALUE: ReadData:data <- $r3
	mov	r2, r1
.Ltmp33:
	@DEBUG_VALUE: ReadData:addr_end <- $r2
	mov	r1, r0
.Ltmp34:
	@DEBUG_VALUE: ReadData:addr_start <- $r1
	movs	r0, #0
.Ltmp35:
	.loc	3 119 5 prologue_end            @ ../fmc_user.c:119:5
	b	FMC_Proc
.Ltmp36:
.Lfunc_end4:
	.size	ReadData, .Lfunc_end4-ReadData
	.cfi_endproc
	.cantunwind
	.fnend
                                        @ -- End function
	.section	.text.WriteData,"ax",%progbits
	.hidden	WriteData                       @ -- Begin function WriteData
	.globl	WriteData
	.p2align	1
	.type	WriteData,%function
	.code	16                              @ @WriteData
	.thumb_func
WriteData:
.Lfunc_begin5:
	.loc	3 124 0                         @ ../fmc_user.c:124:0
	.fnstart
	.cfi_startproc
@ %bb.0:
	@DEBUG_VALUE: WriteData:addr_start <- $r0
	@DEBUG_VALUE: WriteData:addr_end <- $r1
	@DEBUG_VALUE: WriteData:data <- $r2
	mov	r3, r2
.Ltmp37:
	@DEBUG_VALUE: WriteData:data <- $r3
	mov	r2, r1
.Ltmp38:
	@DEBUG_VALUE: WriteData:addr_end <- $r2
	mov	r1, r0
.Ltmp39:
	@DEBUG_VALUE: WriteData:addr_start <- $r1
	movs	r0, #33
.Ltmp40:
	.loc	3 125 5 prologue_end            @ ../fmc_user.c:125:5
	b	FMC_Proc
.Ltmp41:
.Lfunc_end5:
	.size	WriteData, .Lfunc_end5-WriteData
	.cfi_endproc
	.cantunwind
	.fnend
                                        @ -- End function
	.section	.text.EraseAP,"ax",%progbits
	.hidden	EraseAP                         @ -- Begin function EraseAP
	.globl	EraseAP
	.p2align	2
	.type	EraseAP,%function
	.code	16                              @ @EraseAP
	.thumb_func
EraseAP:
.Lfunc_begin6:
	.loc	3 132 0                         @ ../fmc_user.c:132:0
	.fnstart
	.cfi_startproc
@ %bb.0:
	@DEBUG_VALUE: EraseAP:addr_start <- $r0
	@DEBUG_VALUE: EraseAP:size <- $r1
	.save	{r4, r5, r6, r7, lr}
	push	{r4, r5, r6, r7, lr}
	.cfi_def_cfa_offset 20
	.cfi_offset lr, -4
	.cfi_offset r7, -8
	.cfi_offset r6, -12
	.cfi_offset r5, -16
	.cfi_offset r4, -20
	mov	r2, r0
.Ltmp42:
	@DEBUG_VALUE: EraseAP:u32Addr <- undef
	@DEBUG_VALUE: EraseAP:addr_start <- $r2
	ldr	r3, __arm_cp.6_0
.Ltmp43:
	.loc	3 136 5 prologue_end            @ ../fmc_user.c:136:5
	ldr	r0, [r3]
	movs	r4, #8
	orrs	r4, r0
	str	r4, [r3]
	movs	r0, #0
	movs	r4, #34
	movs	r5, #1
	movw	r6, #512
.Ltmp44:
.LBB6_1:                                @ =>This Loop Header: Depth=1
                                        @     Child Loop BB6_3 Depth 2
	@DEBUG_VALUE: EraseAP:size <- $r1
	@DEBUG_VALUE: EraseAP:size <- $r1
	@DEBUG_VALUE: EraseAP:u32Addr <- $r2
	.loc	3 138 5                         @ ../fmc_user.c:138:5
	cbz	r1, .LBB6_7
.Ltmp45:
@ %bb.2:                                @   in Loop: Header=BB6_1 Depth=1
	@DEBUG_VALUE: EraseAP:u32Addr <- $r2
	@DEBUG_VALUE: EraseAP:size <- $r1
	@DEBUG_VALUE: u32Cmd <- 34
	@DEBUG_VALUE: u32Size <- 512
	.loc	3 144 21                        @ ../fmc_user.c:144:21
	str	r4, [r3, #12]
	.loc	3 145 22                        @ ../fmc_user.c:145:22
	str	r2, [r3, #4]
	.loc	3 146 21                        @ ../fmc_user.c:146:21
	str	r5, [r3, #16]
	.loc	3 147 9                         @ ../fmc_user.c:147:9
	isb	sy
.Ltmp46:
.LBB6_3:                                @   Parent Loop BB6_1 Depth=1
                                        @ =>  This Inner Loop Header: Depth=2
	@DEBUG_VALUE: u32Size <- 512
	@DEBUG_VALUE: u32Cmd <- 34
	@DEBUG_VALUE: EraseAP:u32Addr <- $r2
	@DEBUG_VALUE: EraseAP:size <- $r1
	.loc	3 149 21                        @ ../fmc_user.c:149:21
	ldr	r7, [r3, #16]
	.loc	3 149 9 is_stmt 0               @ ../fmc_user.c:149:9
	lsls	r7, r7, #31
	bne	.LBB6_3
.Ltmp47:
@ %bb.4:                                @   in Loop: Header=BB6_1 Depth=1
	@DEBUG_VALUE: u32Size <- 512
	@DEBUG_VALUE: u32Cmd <- 34
	@DEBUG_VALUE: EraseAP:u32Addr <- $r2
	@DEBUG_VALUE: EraseAP:size <- $r1
	.loc	3 151 18 is_stmt 1              @ ../fmc_user.c:151:18
	ldr	r7, [r3]
.Ltmp48:
	.loc	3 151 13 is_stmt 0              @ ../fmc_user.c:151:13
	lsls	r7, r7, #25
	bmi	.LBB6_6
.Ltmp49:
@ %bb.5:                                @   in Loop: Header=BB6_1 Depth=1
	@DEBUG_VALUE: u32Size <- 512
	@DEBUG_VALUE: u32Cmd <- 34
	@DEBUG_VALUE: EraseAP:u32Addr <- $r2
	@DEBUG_VALUE: EraseAP:size <- $r1
	.loc	3 158 14 is_stmt 1              @ ../fmc_user.c:158:14
	subs	r1, r1, r6
.Ltmp50:
	@DEBUG_VALUE: EraseAP:size <- $r1
	.loc	3 157 17                        @ ../fmc_user.c:157:17
	adds	r2, r2, r6
.Ltmp51:
	@DEBUG_VALUE: EraseAP:u32Addr <- $r2
	.loc	3 0 17 is_stmt 0                @ ../fmc_user.c:0:17
	b	.LBB6_1
.Ltmp52:
.LBB6_6:
	@DEBUG_VALUE: u32Size <- 512
	@DEBUG_VALUE: u32Cmd <- 34
	@DEBUG_VALUE: EraseAP:u32Addr <- $r2
	@DEBUG_VALUE: EraseAP:size <- $r1
	.loc	3 153 25 is_stmt 1              @ ../fmc_user.c:153:25
	ldr	r0, [r3]
	movs	r1, #64
.Ltmp53:
	orrs	r1, r0
	str	r1, [r3]
	movs	r0, #0
	mvns	r0, r0
.Ltmp54:
.LBB6_7:
	@DEBUG_VALUE: EraseAP:u32Addr <- $r2
	.loc	3 162 1                         @ ../fmc_user.c:162:1
	pop	{r4, r5, r6, r7, pc}
.Ltmp55:
	.p2align	2
@ %bb.8:
	.loc	3 0 1 is_stmt 0                 @ ../fmc_user.c:0:1
__arm_cp.6_0:
	.long	1073790976                      @ 0x4000c000
.Lcpi_end1:
	.size	__arm_cp.6_0, .Lcpi_end1-__arm_cp.6_0
.Lfunc_end6:
	.size	EraseAP, .Lfunc_end6-EraseAP
	.cfi_endproc
	.cantunwind
	.fnend
                                        @ -- End function
	.section	.text.UpdateConfig,"ax",%progbits
	.hidden	UpdateConfig                    @ -- Begin function UpdateConfig
	.globl	UpdateConfig
	.p2align	2
	.type	UpdateConfig,%function
	.code	16                              @ @UpdateConfig
	.thumb_func
UpdateConfig:
.Lfunc_begin7:
	.loc	3 165 0 is_stmt 1               @ ../fmc_user.c:165:0
	.fnstart
	.cfi_startproc
@ %bb.0:
	@DEBUG_VALUE: UpdateConfig:data <- $r0
	@DEBUG_VALUE: UpdateConfig:res <- $r1
	.save	{r4, r5, r6, r7, lr}
	.pad	#4
	push	{r3, r4, r5, r6, r7, lr}
	.cfi_def_cfa_offset 24
	.cfi_offset lr, -4
	.cfi_offset r7, -8
	.cfi_offset r6, -12
	.cfi_offset r5, -16
	.cfi_offset r4, -20
	mov	r4, r1
.Ltmp56:
	@DEBUG_VALUE: UpdateConfig:res <- $r4
	str	r0, [sp]                        @ 4-byte Spill
.Ltmp57:
	@DEBUG_VALUE: UpdateConfig:u32Size <- 16
	@DEBUG_VALUE: UpdateConfig:data <- [$sp+0]
	ldr	r1, __arm_cp.7_0
.Ltmp58:
	.loc	3 167 5 prologue_end            @ ../fmc_user.c:167:5
	ldr	r0, [r1]
	movs	r6, #16
	orrs	r0, r6
	str	r0, [r1]
	movs	r0, #3
	lsls	r5, r0, #20
	.loc	3 168 5                         @ ../fmc_user.c:168:5
	mov	r2, r5
	adds	r2, #8
	movs	r0, #34
	movs	r3, #0
	mov	r1, r5
	bl	FMC_Proc
.Ltmp59:
	.loc	3 169 5                         @ ../fmc_user.c:169:5
	mov	r7, r5
	adds	r7, #16
	movs	r0, #33
	mov	r1, r5
	mov	r2, r7
	ldr	r3, [sp]                        @ 4-byte Reload
.Ltmp60:
	@DEBUG_VALUE: UpdateConfig:data <- $r3
	bl	FMC_Proc
.Ltmp61:
	.loc	3 171 9                         @ ../fmc_user.c:171:9
	cbz	r4, .LBB7_2
.Ltmp62:
@ %bb.1:
	@DEBUG_VALUE: UpdateConfig:u32Size <- 16
	@DEBUG_VALUE: UpdateConfig:res <- $r4
	.loc	3 0 9 is_stmt 0                 @ ../fmc_user.c:0:9
	movs	r0, #0
.Ltmp63:
	.loc	3 173 9 is_stmt 1               @ ../fmc_user.c:173:9
	mov	r1, r5
	mov	r2, r7
	mov	r3, r4
	bl	FMC_Proc
.Ltmp64:
.LBB7_2:
	@DEBUG_VALUE: UpdateConfig:u32Size <- 16
	@DEBUG_VALUE: UpdateConfig:res <- $r4
	.loc	3 0 9 is_stmt 0                 @ ../fmc_user.c:0:9
	ldr	r1, __arm_cp.7_0
	.loc	3 176 5 is_stmt 1               @ ../fmc_user.c:176:5
	ldr	r0, [r1]
	bics	r0, r6
	str	r0, [r1]
	.loc	3 177 1                         @ ../fmc_user.c:177:1
	pop	{r3, r4, r5, r6, r7, pc}
.Ltmp65:
	.p2align	2
@ %bb.3:
	.loc	3 0 1 is_stmt 0                 @ ../fmc_user.c:0:1
__arm_cp.7_0:
	.long	1073790976                      @ 0x4000c000
.Lcpi_end2:
	.size	__arm_cp.7_0, .Lcpi_end2-__arm_cp.7_0
.Lfunc_end7:
	.size	UpdateConfig, .Lfunc_end7-UpdateConfig
	.cfi_endproc
	.cantunwind
	.fnend
                                        @ -- End function
	.section	.debug_loc,"",%progbits
.Ldebug_loc0:
	.long	-1
	.long	.Lfunc_begin0                   @   base address
	.long	.Lfunc_begin0-.Lfunc_begin0
	.long	.Ltmp0-.Lfunc_begin0
	.short	1                               @ Loc expr size
	.byte	80                              @ DW_OP_reg0
	.long	.Ltmp0-.Lfunc_begin0
	.long	.Ltmp20-.Lfunc_begin0
	.short	1                               @ Loc expr size
	.byte	84                              @ DW_OP_reg4
	.long	0
	.long	0
.Ldebug_loc1:
	.long	-1
	.long	.Lfunc_begin0                   @   base address
	.long	.Lfunc_begin0-.Lfunc_begin0
	.long	.Ltmp2-.Lfunc_begin0
	.short	1                               @ Loc expr size
	.byte	81                              @ DW_OP_reg1
	.long	.Ltmp11-.Lfunc_begin0
	.long	.Ltmp12-.Lfunc_begin0
	.short	4                               @ Loc expr size
	.byte	243                             @ DW_OP_GNU_entry_value
	.byte	1                               @ 1
	.byte	81                              @ DW_OP_reg1
	.byte	159                             @ DW_OP_stack_value
	.long	.Ltmp16-.Lfunc_begin0
	.long	.Ltmp17-.Lfunc_begin0
	.short	4                               @ Loc expr size
	.byte	243                             @ DW_OP_GNU_entry_value
	.byte	1                               @ 1
	.byte	81                              @ DW_OP_reg1
	.byte	159                             @ DW_OP_stack_value
	.long	0
	.long	0
.Ldebug_loc2:
	.long	-1
	.long	.Lfunc_begin0                   @   base address
	.long	.Lfunc_begin0-.Lfunc_begin0
	.long	.Ltmp19-.Lfunc_begin0
	.short	1                               @ Loc expr size
	.byte	83                              @ DW_OP_reg3
	.long	0
	.long	0
.Ldebug_loc3:
	.long	-1
	.long	.Lfunc_begin0                   @   base address
	.long	.Ltmp2-.Lfunc_begin0
	.long	.Ltmp19-.Lfunc_begin0
	.short	1                               @ Loc expr size
	.byte	81                              @ DW_OP_reg1
	.long	0
	.long	0
.Ldebug_loc4:
	.long	-1
	.long	.Lfunc_begin0                   @   base address
	.long	.Ltmp8-.Lfunc_begin0
	.long	.Ltmp17-.Lfunc_begin0
	.short	1                               @ Loc expr size
	.byte	87                              @ DW_OP_reg7
	.long	.Ltmp18-.Lfunc_begin0
	.long	.Ltmp20-.Lfunc_begin0
	.short	1                               @ Loc expr size
	.byte	87                              @ DW_OP_reg7
	.long	0
	.long	0
.Ldebug_loc5:
	.long	-1
	.long	.Lfunc_begin1                   @   base address
	.long	.Lfunc_begin1-.Lfunc_begin1
	.long	.Ltmp21-.Lfunc_begin1
	.short	1                               @ Loc expr size
	.byte	80                              @ DW_OP_reg0
	.long	.Ltmp21-.Lfunc_begin1
	.long	.Ltmp24-.Lfunc_begin1
	.short	1                               @ Loc expr size
	.byte	84                              @ DW_OP_reg4
	.long	0
	.long	0
.Ldebug_loc6:
	.long	-1
	.long	.Lfunc_begin1                   @   base address
	.long	.Lfunc_begin1-.Lfunc_begin1
	.long	.Ltmp22-.Lfunc_begin1
	.short	1                               @ Loc expr size
	.byte	81                              @ DW_OP_reg1
	.long	.Ltmp22-.Lfunc_begin1
	.long	.Lfunc_end1-.Lfunc_begin1
	.short	2                               @ Loc expr size
	.byte	125                             @ DW_OP_breg13
	.byte	4                               @ 4
	.long	0
	.long	0
.Ldebug_loc7:
	.long	-1
	.long	.Lfunc_begin2                   @   base address
	.long	.Lfunc_begin2-.Lfunc_begin2
	.long	.Ltmp26-.Lfunc_begin2
	.short	1                               @ Loc expr size
	.byte	80                              @ DW_OP_reg0
	.long	.Ltmp26-.Lfunc_begin2
	.long	.Ltmp28-.Lfunc_begin2
	.short	1                               @ Loc expr size
	.byte	81                              @ DW_OP_reg1
	.long	0
	.long	0
.Ldebug_loc8:
	.long	-1
	.long	.Lfunc_begin2                   @   base address
	.long	.Lfunc_begin2-.Lfunc_begin2
	.long	.Ltmp25-.Lfunc_begin2
	.short	1                               @ Loc expr size
	.byte	81                              @ DW_OP_reg1
	.long	.Ltmp25-.Lfunc_begin2
	.long	.Ltmp28-.Lfunc_begin2
	.short	1                               @ Loc expr size
	.byte	83                              @ DW_OP_reg3
	.long	0
	.long	0
.Ldebug_loc9:
	.long	-1
	.long	.Lfunc_begin3                   @   base address
	.long	.Lfunc_begin3-.Lfunc_begin3
	.long	.Ltmp29-.Lfunc_begin3
	.short	1                               @ Loc expr size
	.byte	80                              @ DW_OP_reg0
	.long	.Ltmp29-.Lfunc_begin3
	.long	.Ltmp31-.Lfunc_begin3
	.short	1                               @ Loc expr size
	.byte	81                              @ DW_OP_reg1
	.long	0
	.long	0
.Ldebug_loc10:
	.long	-1
	.long	.Lfunc_begin4                   @   base address
	.long	.Lfunc_begin4-.Lfunc_begin4
	.long	.Ltmp34-.Lfunc_begin4
	.short	1                               @ Loc expr size
	.byte	80                              @ DW_OP_reg0
	.long	.Ltmp34-.Lfunc_begin4
	.long	.Ltmp36-.Lfunc_begin4
	.short	1                               @ Loc expr size
	.byte	81                              @ DW_OP_reg1
	.long	0
	.long	0
.Ldebug_loc11:
	.long	-1
	.long	.Lfunc_begin4                   @   base address
	.long	.Lfunc_begin4-.Lfunc_begin4
	.long	.Ltmp33-.Lfunc_begin4
	.short	1                               @ Loc expr size
	.byte	81                              @ DW_OP_reg1
	.long	.Ltmp33-.Lfunc_begin4
	.long	.Ltmp36-.Lfunc_begin4
	.short	1                               @ Loc expr size
	.byte	82                              @ DW_OP_reg2
	.long	0
	.long	0
.Ldebug_loc12:
	.long	-1
	.long	.Lfunc_begin4                   @   base address
	.long	.Lfunc_begin4-.Lfunc_begin4
	.long	.Ltmp32-.Lfunc_begin4
	.short	1                               @ Loc expr size
	.byte	82                              @ DW_OP_reg2
	.long	.Ltmp32-.Lfunc_begin4
	.long	.Ltmp36-.Lfunc_begin4
	.short	1                               @ Loc expr size
	.byte	83                              @ DW_OP_reg3
	.long	0
	.long	0
.Ldebug_loc13:
	.long	-1
	.long	.Lfunc_begin5                   @   base address
	.long	.Lfunc_begin5-.Lfunc_begin5
	.long	.Ltmp39-.Lfunc_begin5
	.short	1                               @ Loc expr size
	.byte	80                              @ DW_OP_reg0
	.long	.Ltmp39-.Lfunc_begin5
	.long	.Ltmp41-.Lfunc_begin5
	.short	1                               @ Loc expr size
	.byte	81                              @ DW_OP_reg1
	.long	0
	.long	0
.Ldebug_loc14:
	.long	-1
	.long	.Lfunc_begin5                   @   base address
	.long	.Lfunc_begin5-.Lfunc_begin5
	.long	.Ltmp38-.Lfunc_begin5
	.short	1                               @ Loc expr size
	.byte	81                              @ DW_OP_reg1
	.long	.Ltmp38-.Lfunc_begin5
	.long	.Ltmp41-.Lfunc_begin5
	.short	1                               @ Loc expr size
	.byte	82                              @ DW_OP_reg2
	.long	0
	.long	0
.Ldebug_loc15:
	.long	-1
	.long	.Lfunc_begin5                   @   base address
	.long	.Lfunc_begin5-.Lfunc_begin5
	.long	.Ltmp37-.Lfunc_begin5
	.short	1                               @ Loc expr size
	.byte	82                              @ DW_OP_reg2
	.long	.Ltmp37-.Lfunc_begin5
	.long	.Ltmp41-.Lfunc_begin5
	.short	1                               @ Loc expr size
	.byte	83                              @ DW_OP_reg3
	.long	0
	.long	0
.Ldebug_loc16:
	.long	-1
	.long	.Lfunc_begin6                   @   base address
	.long	.Lfunc_begin6-.Lfunc_begin6
	.long	.Ltmp42-.Lfunc_begin6
	.short	1                               @ Loc expr size
	.byte	80                              @ DW_OP_reg0
	.long	.Ltmp42-.Lfunc_begin6
	.long	.Ltmp44-.Lfunc_begin6
	.short	1                               @ Loc expr size
	.byte	82                              @ DW_OP_reg2
	.long	0
	.long	0
.Ldebug_loc17:
	.long	-1
	.long	.Lfunc_begin6                   @   base address
	.long	.Lfunc_begin6-.Lfunc_begin6
	.long	.Ltmp53-.Lfunc_begin6
	.short	1                               @ Loc expr size
	.byte	81                              @ DW_OP_reg1
	.long	0
	.long	0
.Ldebug_loc18:
	.long	-1
	.long	.Lfunc_begin6                   @   base address
	.long	.Ltmp44-.Lfunc_begin6
	.long	.Ltmp55-.Lfunc_begin6
	.short	1                               @ Loc expr size
	.byte	82                              @ DW_OP_reg2
	.long	0
	.long	0
.Ldebug_loc19:
	.long	-1
	.long	.Lfunc_begin7                   @   base address
	.long	.Lfunc_begin7-.Lfunc_begin7
	.long	.Ltmp57-.Lfunc_begin7
	.short	1                               @ Loc expr size
	.byte	80                              @ DW_OP_reg0
	.long	.Ltmp57-.Lfunc_begin7
	.long	.Ltmp60-.Lfunc_begin7
	.short	2                               @ Loc expr size
	.byte	125                             @ DW_OP_breg13
	.byte	0                               @ 0
	.long	.Ltmp60-.Lfunc_begin7
	.long	.Ltmp61-.Lfunc_begin7
	.short	1                               @ Loc expr size
	.byte	83                              @ DW_OP_reg3
	.long	0
	.long	0
.Ldebug_loc20:
	.long	-1
	.long	.Lfunc_begin7                   @   base address
	.long	.Lfunc_begin7-.Lfunc_begin7
	.long	.Ltmp56-.Lfunc_begin7
	.short	1                               @ Loc expr size
	.byte	81                              @ DW_OP_reg1
	.long	.Ltmp56-.Lfunc_begin7
	.long	.Ltmp65-.Lfunc_begin7
	.short	1                               @ Loc expr size
	.byte	84                              @ DW_OP_reg4
	.long	0
	.long	0
	.section	.debug_abbrev,"",%progbits
	.byte	1                               @ Abbreviation Code
	.byte	17                              @ DW_TAG_compile_unit
	.byte	1                               @ DW_CHILDREN_yes
	.byte	37                              @ DW_AT_producer
	.byte	14                              @ DW_FORM_strp
	.byte	19                              @ DW_AT_language
	.byte	5                               @ DW_FORM_data2
	.byte	3                               @ DW_AT_name
	.byte	14                              @ DW_FORM_strp
	.byte	16                              @ DW_AT_stmt_list
	.byte	23                              @ DW_FORM_sec_offset
	.byte	27                              @ DW_AT_comp_dir
	.byte	14                              @ DW_FORM_strp
	.byte	17                              @ DW_AT_low_pc
	.byte	1                               @ DW_FORM_addr
	.byte	85                              @ DW_AT_ranges
	.byte	23                              @ DW_FORM_sec_offset
	.byte	0                               @ EOM(1)
	.byte	0                               @ EOM(2)
	.byte	2                               @ Abbreviation Code
	.byte	15                              @ DW_TAG_pointer_type
	.byte	0                               @ DW_CHILDREN_no
	.byte	73                              @ DW_AT_type
	.byte	19                              @ DW_FORM_ref4
	.byte	0                               @ EOM(1)
	.byte	0                               @ EOM(2)
	.byte	3                               @ Abbreviation Code
	.byte	22                              @ DW_TAG_typedef
	.byte	0                               @ DW_CHILDREN_no
	.byte	73                              @ DW_AT_type
	.byte	19                              @ DW_FORM_ref4
	.byte	3                               @ DW_AT_name
	.byte	14                              @ DW_FORM_strp
	.byte	58                              @ DW_AT_decl_file
	.byte	11                              @ DW_FORM_data1
	.byte	59                              @ DW_AT_decl_line
	.byte	5                               @ DW_FORM_data2
	.byte	0                               @ EOM(1)
	.byte	0                               @ EOM(2)
	.byte	4                               @ Abbreviation Code
	.byte	19                              @ DW_TAG_structure_type
	.byte	1                               @ DW_CHILDREN_yes
	.byte	11                              @ DW_AT_byte_size
	.byte	11                              @ DW_FORM_data1
	.byte	58                              @ DW_AT_decl_file
	.byte	11                              @ DW_FORM_data1
	.byte	59                              @ DW_AT_decl_line
	.byte	11                              @ DW_FORM_data1
	.byte	0                               @ EOM(1)
	.byte	0                               @ EOM(2)
	.byte	5                               @ Abbreviation Code
	.byte	13                              @ DW_TAG_member
	.byte	0                               @ DW_CHILDREN_no
	.byte	3                               @ DW_AT_name
	.byte	14                              @ DW_FORM_strp
	.byte	73                              @ DW_AT_type
	.byte	19                              @ DW_FORM_ref4
	.byte	58                              @ DW_AT_decl_file
	.byte	11                              @ DW_FORM_data1
	.byte	59                              @ DW_AT_decl_line
	.byte	5                               @ DW_FORM_data2
	.byte	56                              @ DW_AT_data_member_location
	.byte	11                              @ DW_FORM_data1
	.byte	0                               @ EOM(1)
	.byte	0                               @ EOM(2)
	.byte	6                               @ Abbreviation Code
	.byte	53                              @ DW_TAG_volatile_type
	.byte	0                               @ DW_CHILDREN_no
	.byte	73                              @ DW_AT_type
	.byte	19                              @ DW_FORM_ref4
	.byte	0                               @ EOM(1)
	.byte	0                               @ EOM(2)
	.byte	7                               @ Abbreviation Code
	.byte	22                              @ DW_TAG_typedef
	.byte	0                               @ DW_CHILDREN_no
	.byte	73                              @ DW_AT_type
	.byte	19                              @ DW_FORM_ref4
	.byte	3                               @ DW_AT_name
	.byte	14                              @ DW_FORM_strp
	.byte	58                              @ DW_AT_decl_file
	.byte	11                              @ DW_FORM_data1
	.byte	59                              @ DW_AT_decl_line
	.byte	11                              @ DW_FORM_data1
	.byte	0                               @ EOM(1)
	.byte	0                               @ EOM(2)
	.byte	8                               @ Abbreviation Code
	.byte	36                              @ DW_TAG_base_type
	.byte	0                               @ DW_CHILDREN_no
	.byte	3                               @ DW_AT_name
	.byte	14                              @ DW_FORM_strp
	.byte	62                              @ DW_AT_encoding
	.byte	11                              @ DW_FORM_data1
	.byte	11                              @ DW_AT_byte_size
	.byte	11                              @ DW_FORM_data1
	.byte	0                               @ EOM(1)
	.byte	0                               @ EOM(2)
	.byte	9                               @ Abbreviation Code
	.byte	38                              @ DW_TAG_const_type
	.byte	0                               @ DW_CHILDREN_no
	.byte	73                              @ DW_AT_type
	.byte	19                              @ DW_FORM_ref4
	.byte	0                               @ EOM(1)
	.byte	0                               @ EOM(2)
	.byte	10                              @ Abbreviation Code
	.byte	1                               @ DW_TAG_array_type
	.byte	1                               @ DW_CHILDREN_yes
	.byte	73                              @ DW_AT_type
	.byte	19                              @ DW_FORM_ref4
	.byte	0                               @ EOM(1)
	.byte	0                               @ EOM(2)
	.byte	11                              @ Abbreviation Code
	.byte	33                              @ DW_TAG_subrange_type
	.byte	0                               @ DW_CHILDREN_no
	.byte	73                              @ DW_AT_type
	.byte	19                              @ DW_FORM_ref4
	.byte	55                              @ DW_AT_count
	.byte	11                              @ DW_FORM_data1
	.byte	0                               @ EOM(1)
	.byte	0                               @ EOM(2)
	.byte	12                              @ Abbreviation Code
	.byte	36                              @ DW_TAG_base_type
	.byte	0                               @ DW_CHILDREN_no
	.byte	3                               @ DW_AT_name
	.byte	14                              @ DW_FORM_strp
	.byte	11                              @ DW_AT_byte_size
	.byte	11                              @ DW_FORM_data1
	.byte	62                              @ DW_AT_encoding
	.byte	11                              @ DW_FORM_data1
	.byte	0                               @ EOM(1)
	.byte	0                               @ EOM(2)
	.byte	13                              @ Abbreviation Code
	.byte	46                              @ DW_TAG_subprogram
	.byte	1                               @ DW_CHILDREN_yes
	.byte	17                              @ DW_AT_low_pc
	.byte	1                               @ DW_FORM_addr
	.byte	18                              @ DW_AT_high_pc
	.byte	6                               @ DW_FORM_data4
	.byte	64                              @ DW_AT_frame_base
	.byte	24                              @ DW_FORM_exprloc
	.ascii	"\227B"                         @ DW_AT_GNU_all_call_sites
	.byte	25                              @ DW_FORM_flag_present
	.byte	3                               @ DW_AT_name
	.byte	14                              @ DW_FORM_strp
	.byte	58                              @ DW_AT_decl_file
	.byte	11                              @ DW_FORM_data1
	.byte	59                              @ DW_AT_decl_line
	.byte	11                              @ DW_FORM_data1
	.byte	39                              @ DW_AT_prototyped
	.byte	25                              @ DW_FORM_flag_present
	.byte	73                              @ DW_AT_type
	.byte	19                              @ DW_FORM_ref4
	.byte	63                              @ DW_AT_external
	.byte	25                              @ DW_FORM_flag_present
	.byte	0                               @ EOM(1)
	.byte	0                               @ EOM(2)
	.byte	14                              @ Abbreviation Code
	.byte	5                               @ DW_TAG_formal_parameter
	.byte	0                               @ DW_CHILDREN_no
	.byte	2                               @ DW_AT_location
	.byte	23                              @ DW_FORM_sec_offset
	.byte	3                               @ DW_AT_name
	.byte	14                              @ DW_FORM_strp
	.byte	58                              @ DW_AT_decl_file
	.byte	11                              @ DW_FORM_data1
	.byte	59                              @ DW_AT_decl_line
	.byte	11                              @ DW_FORM_data1
	.byte	73                              @ DW_AT_type
	.byte	19                              @ DW_FORM_ref4
	.byte	0                               @ EOM(1)
	.byte	0                               @ EOM(2)
	.byte	15                              @ Abbreviation Code
	.byte	5                               @ DW_TAG_formal_parameter
	.byte	0                               @ DW_CHILDREN_no
	.byte	2                               @ DW_AT_location
	.byte	24                              @ DW_FORM_exprloc
	.byte	3                               @ DW_AT_name
	.byte	14                              @ DW_FORM_strp
	.byte	58                              @ DW_AT_decl_file
	.byte	11                              @ DW_FORM_data1
	.byte	59                              @ DW_AT_decl_line
	.byte	11                              @ DW_FORM_data1
	.byte	73                              @ DW_AT_type
	.byte	19                              @ DW_FORM_ref4
	.byte	0                               @ EOM(1)
	.byte	0                               @ EOM(2)
	.byte	16                              @ Abbreviation Code
	.byte	52                              @ DW_TAG_variable
	.byte	0                               @ DW_CHILDREN_no
	.byte	2                               @ DW_AT_location
	.byte	23                              @ DW_FORM_sec_offset
	.byte	3                               @ DW_AT_name
	.byte	14                              @ DW_FORM_strp
	.byte	58                              @ DW_AT_decl_file
	.byte	11                              @ DW_FORM_data1
	.byte	59                              @ DW_AT_decl_line
	.byte	11                              @ DW_FORM_data1
	.byte	73                              @ DW_AT_type
	.byte	19                              @ DW_FORM_ref4
	.byte	0                               @ EOM(1)
	.byte	0                               @ EOM(2)
	.byte	17                              @ Abbreviation Code
	.byte	11                              @ DW_TAG_lexical_block
	.byte	1                               @ DW_CHILDREN_yes
	.byte	85                              @ DW_AT_ranges
	.byte	23                              @ DW_FORM_sec_offset
	.byte	0                               @ EOM(1)
	.byte	0                               @ EOM(2)
	.byte	18                              @ Abbreviation Code
	.ascii	"\211\202\001"                  @ DW_TAG_GNU_call_site
	.byte	0                               @ DW_CHILDREN_no
	.byte	49                              @ DW_AT_abstract_origin
	.byte	19                              @ DW_FORM_ref4
	.ascii	"\225B"                         @ DW_AT_GNU_tail_call
	.byte	25                              @ DW_FORM_flag_present
	.byte	17                              @ DW_AT_low_pc
	.byte	1                               @ DW_FORM_addr
	.byte	0                               @ EOM(1)
	.byte	0                               @ EOM(2)
	.byte	19                              @ Abbreviation Code
	.byte	46                              @ DW_TAG_subprogram
	.byte	1                               @ DW_CHILDREN_yes
	.byte	17                              @ DW_AT_low_pc
	.byte	1                               @ DW_FORM_addr
	.byte	18                              @ DW_AT_high_pc
	.byte	6                               @ DW_FORM_data4
	.byte	64                              @ DW_AT_frame_base
	.byte	24                              @ DW_FORM_exprloc
	.ascii	"\227B"                         @ DW_AT_GNU_all_call_sites
	.byte	25                              @ DW_FORM_flag_present
	.byte	3                               @ DW_AT_name
	.byte	14                              @ DW_FORM_strp
	.byte	58                              @ DW_AT_decl_file
	.byte	11                              @ DW_FORM_data1
	.byte	59                              @ DW_AT_decl_line
	.byte	11                              @ DW_FORM_data1
	.byte	39                              @ DW_AT_prototyped
	.byte	25                              @ DW_FORM_flag_present
	.byte	63                              @ DW_AT_external
	.byte	25                              @ DW_FORM_flag_present
	.byte	0                               @ EOM(1)
	.byte	0                               @ EOM(2)
	.byte	20                              @ Abbreviation Code
	.byte	11                              @ DW_TAG_lexical_block
	.byte	1                               @ DW_CHILDREN_yes
	.byte	17                              @ DW_AT_low_pc
	.byte	1                               @ DW_FORM_addr
	.byte	18                              @ DW_AT_high_pc
	.byte	6                               @ DW_FORM_data4
	.byte	0                               @ EOM(1)
	.byte	0                               @ EOM(2)
	.byte	21                              @ Abbreviation Code
	.byte	52                              @ DW_TAG_variable
	.byte	0                               @ DW_CHILDREN_no
	.byte	28                              @ DW_AT_const_value
	.byte	15                              @ DW_FORM_udata
	.byte	3                               @ DW_AT_name
	.byte	14                              @ DW_FORM_strp
	.byte	58                              @ DW_AT_decl_file
	.byte	11                              @ DW_FORM_data1
	.byte	59                              @ DW_AT_decl_line
	.byte	11                              @ DW_FORM_data1
	.byte	73                              @ DW_AT_type
	.byte	19                              @ DW_FORM_ref4
	.byte	0                               @ EOM(1)
	.byte	0                               @ EOM(2)
	.byte	0                               @ EOM(3)
	.section	.debug_info,"",%progbits
.Lcu_begin0:
	.long	.Ldebug_info_end0-.Ldebug_info_start0 @ Length of Unit
.Ldebug_info_start0:
	.short	4                               @ DWARF version number
	.long	.debug_abbrev                   @ Offset Into Abbrev. Section
	.byte	4                               @ Address Size (in bytes)
	.byte	1                               @ Abbrev [1] 0xb:0x402 DW_TAG_compile_unit
	.long	.Linfo_string0                  @ DW_AT_producer
	.short	1                               @ DW_AT_language
	.long	.Linfo_string1                  @ DW_AT_name
	.long	.Lline_table_start0             @ DW_AT_stmt_list
	.long	.Linfo_string2                  @ DW_AT_comp_dir
	.long	0                               @ DW_AT_low_pc
	.long	.Ldebug_ranges1                 @ DW_AT_ranges
	.byte	2                               @ Abbrev [2] 0x26:0x5 DW_TAG_pointer_type
	.long	43                              @ DW_AT_type
	.byte	3                               @ Abbrev [3] 0x2b:0xc DW_TAG_typedef
	.long	55                              @ DW_AT_type
	.long	.Linfo_string30                 @ DW_AT_name
	.byte	2                               @ DW_AT_decl_file
	.short	330                             @ DW_AT_decl_line
	.byte	4                               @ Abbrev [4] 0x37:0x13d DW_TAG_structure_type
	.byte	228                             @ DW_AT_byte_size
	.byte	2                               @ DW_AT_decl_file
	.byte	28                              @ DW_AT_decl_line
	.byte	5                               @ Abbrev [5] 0x3b:0xd DW_TAG_member
	.long	.Linfo_string3                  @ DW_AT_name
	.long	372                             @ DW_AT_type
	.byte	2                               @ DW_AT_decl_file
	.short	294                             @ DW_AT_decl_line
	.byte	0                               @ DW_AT_data_member_location
	.byte	5                               @ Abbrev [5] 0x48:0xd DW_TAG_member
	.long	.Linfo_string6                  @ DW_AT_name
	.long	372                             @ DW_AT_type
	.byte	2                               @ DW_AT_decl_file
	.short	295                             @ DW_AT_decl_line
	.byte	4                               @ DW_AT_data_member_location
	.byte	5                               @ Abbrev [5] 0x55:0xd DW_TAG_member
	.long	.Linfo_string7                  @ DW_AT_name
	.long	372                             @ DW_AT_type
	.byte	2                               @ DW_AT_decl_file
	.short	296                             @ DW_AT_decl_line
	.byte	8                               @ DW_AT_data_member_location
	.byte	5                               @ Abbrev [5] 0x62:0xd DW_TAG_member
	.long	.Linfo_string8                  @ DW_AT_name
	.long	372                             @ DW_AT_type
	.byte	2                               @ DW_AT_decl_file
	.short	297                             @ DW_AT_decl_line
	.byte	12                              @ DW_AT_data_member_location
	.byte	5                               @ Abbrev [5] 0x6f:0xd DW_TAG_member
	.long	.Linfo_string9                  @ DW_AT_name
	.long	372                             @ DW_AT_type
	.byte	2                               @ DW_AT_decl_file
	.short	298                             @ DW_AT_decl_line
	.byte	16                              @ DW_AT_data_member_location
	.byte	5                               @ Abbrev [5] 0x7c:0xd DW_TAG_member
	.long	.Linfo_string10                 @ DW_AT_name
	.long	395                             @ DW_AT_type
	.byte	2                               @ DW_AT_decl_file
	.short	299                             @ DW_AT_decl_line
	.byte	20                              @ DW_AT_data_member_location
	.byte	5                               @ Abbrev [5] 0x89:0xd DW_TAG_member
	.long	.Linfo_string11                 @ DW_AT_name
	.long	372                             @ DW_AT_type
	.byte	2                               @ DW_AT_decl_file
	.short	300                             @ DW_AT_decl_line
	.byte	24                              @ DW_AT_data_member_location
	.byte	5                               @ Abbrev [5] 0x96:0xd DW_TAG_member
	.long	.Linfo_string12                 @ DW_AT_name
	.long	400                             @ DW_AT_type
	.byte	2                               @ DW_AT_decl_file
	.short	302                             @ DW_AT_decl_line
	.byte	28                              @ DW_AT_data_member_location
	.byte	5                               @ Abbrev [5] 0xa3:0xd DW_TAG_member
	.long	.Linfo_string14                 @ DW_AT_name
	.long	372                             @ DW_AT_type
	.byte	2                               @ DW_AT_decl_file
	.short	304                             @ DW_AT_decl_line
	.byte	64                              @ DW_AT_data_member_location
	.byte	5                               @ Abbrev [5] 0xb0:0xd DW_TAG_member
	.long	.Linfo_string15                 @ DW_AT_name
	.long	419                             @ DW_AT_type
	.byte	2                               @ DW_AT_decl_file
	.short	306                             @ DW_AT_decl_line
	.byte	68                              @ DW_AT_data_member_location
	.byte	5                               @ Abbrev [5] 0xbd:0xd DW_TAG_member
	.long	.Linfo_string16                 @ DW_AT_name
	.long	372                             @ DW_AT_type
	.byte	2                               @ DW_AT_decl_file
	.short	308                             @ DW_AT_decl_line
	.byte	76                              @ DW_AT_data_member_location
	.byte	5                               @ Abbrev [5] 0xca:0xd DW_TAG_member
	.long	.Linfo_string17                 @ DW_AT_name
	.long	431                             @ DW_AT_type
	.byte	2                               @ DW_AT_decl_file
	.short	310                             @ DW_AT_decl_line
	.byte	80                              @ DW_AT_data_member_location
	.byte	5                               @ Abbrev [5] 0xd7:0xd DW_TAG_member
	.long	.Linfo_string18                 @ DW_AT_name
	.long	372                             @ DW_AT_type
	.byte	2                               @ DW_AT_decl_file
	.short	312                             @ DW_AT_decl_line
	.byte	128                             @ DW_AT_data_member_location
	.byte	5                               @ Abbrev [5] 0xe4:0xd DW_TAG_member
	.long	.Linfo_string19                 @ DW_AT_name
	.long	372                             @ DW_AT_type
	.byte	2                               @ DW_AT_decl_file
	.short	313                             @ DW_AT_decl_line
	.byte	132                             @ DW_AT_data_member_location
	.byte	5                               @ Abbrev [5] 0xf1:0xd DW_TAG_member
	.long	.Linfo_string20                 @ DW_AT_name
	.long	372                             @ DW_AT_type
	.byte	2                               @ DW_AT_decl_file
	.short	314                             @ DW_AT_decl_line
	.byte	136                             @ DW_AT_data_member_location
	.byte	5                               @ Abbrev [5] 0xfe:0xd DW_TAG_member
	.long	.Linfo_string21                 @ DW_AT_name
	.long	372                             @ DW_AT_type
	.byte	2                               @ DW_AT_decl_file
	.short	315                             @ DW_AT_decl_line
	.byte	140                             @ DW_AT_data_member_location
	.byte	5                               @ Abbrev [5] 0x10b:0xd DW_TAG_member
	.long	.Linfo_string22                 @ DW_AT_name
	.long	431                             @ DW_AT_type
	.byte	2                               @ DW_AT_decl_file
	.short	317                             @ DW_AT_decl_line
	.byte	144                             @ DW_AT_data_member_location
	.byte	5                               @ Abbrev [5] 0x118:0xd DW_TAG_member
	.long	.Linfo_string23                 @ DW_AT_name
	.long	395                             @ DW_AT_type
	.byte	2                               @ DW_AT_decl_file
	.short	319                             @ DW_AT_decl_line
	.byte	192                             @ DW_AT_data_member_location
	.byte	5                               @ Abbrev [5] 0x125:0xd DW_TAG_member
	.long	.Linfo_string24                 @ DW_AT_name
	.long	395                             @ DW_AT_type
	.byte	2                               @ DW_AT_decl_file
	.short	320                             @ DW_AT_decl_line
	.byte	196                             @ DW_AT_data_member_location
	.byte	5                               @ Abbrev [5] 0x132:0xd DW_TAG_member
	.long	.Linfo_string25                 @ DW_AT_name
	.long	419                             @ DW_AT_type
	.byte	2                               @ DW_AT_decl_file
	.short	322                             @ DW_AT_decl_line
	.byte	200                             @ DW_AT_data_member_location
	.byte	5                               @ Abbrev [5] 0x13f:0xd DW_TAG_member
	.long	.Linfo_string26                 @ DW_AT_name
	.long	395                             @ DW_AT_type
	.byte	2                               @ DW_AT_decl_file
	.short	324                             @ DW_AT_decl_line
	.byte	208                             @ DW_AT_data_member_location
	.byte	5                               @ Abbrev [5] 0x14c:0xd DW_TAG_member
	.long	.Linfo_string27                 @ DW_AT_name
	.long	395                             @ DW_AT_type
	.byte	2                               @ DW_AT_decl_file
	.short	325                             @ DW_AT_decl_line
	.byte	212                             @ DW_AT_data_member_location
	.byte	5                               @ Abbrev [5] 0x159:0xd DW_TAG_member
	.long	.Linfo_string28                 @ DW_AT_name
	.long	419                             @ DW_AT_type
	.byte	2                               @ DW_AT_decl_file
	.short	327                             @ DW_AT_decl_line
	.byte	216                             @ DW_AT_data_member_location
	.byte	5                               @ Abbrev [5] 0x166:0xd DW_TAG_member
	.long	.Linfo_string29                 @ DW_AT_name
	.long	395                             @ DW_AT_type
	.byte	2                               @ DW_AT_decl_file
	.short	329                             @ DW_AT_decl_line
	.byte	224                             @ DW_AT_data_member_location
	.byte	0                               @ End Of Children Mark
	.byte	6                               @ Abbrev [6] 0x174:0x5 DW_TAG_volatile_type
	.long	377                             @ DW_AT_type
	.byte	7                               @ Abbrev [7] 0x179:0xb DW_TAG_typedef
	.long	388                             @ DW_AT_type
	.long	.Linfo_string5                  @ DW_AT_name
	.byte	1                               @ DW_AT_decl_file
	.byte	64                              @ DW_AT_decl_line
	.byte	8                               @ Abbrev [8] 0x184:0x7 DW_TAG_base_type
	.long	.Linfo_string4                  @ DW_AT_name
	.byte	7                               @ DW_AT_encoding
	.byte	4                               @ DW_AT_byte_size
	.byte	9                               @ Abbrev [9] 0x18b:0x5 DW_TAG_const_type
	.long	372                             @ DW_AT_type
	.byte	10                              @ Abbrev [10] 0x190:0xc DW_TAG_array_type
	.long	395                             @ DW_AT_type
	.byte	11                              @ Abbrev [11] 0x195:0x6 DW_TAG_subrange_type
	.long	412                             @ DW_AT_type
	.byte	9                               @ DW_AT_count
	.byte	0                               @ End Of Children Mark
	.byte	12                              @ Abbrev [12] 0x19c:0x7 DW_TAG_base_type
	.long	.Linfo_string13                 @ DW_AT_name
	.byte	8                               @ DW_AT_byte_size
	.byte	7                               @ DW_AT_encoding
	.byte	10                              @ Abbrev [10] 0x1a3:0xc DW_TAG_array_type
	.long	395                             @ DW_AT_type
	.byte	11                              @ Abbrev [11] 0x1a8:0x6 DW_TAG_subrange_type
	.long	412                             @ DW_AT_type
	.byte	2                               @ DW_AT_count
	.byte	0                               @ End Of Children Mark
	.byte	10                              @ Abbrev [10] 0x1af:0xc DW_TAG_array_type
	.long	395                             @ DW_AT_type
	.byte	11                              @ Abbrev [11] 0x1b4:0x6 DW_TAG_subrange_type
	.long	412                             @ DW_AT_type
	.byte	12                              @ DW_AT_count
	.byte	0                               @ End Of Children Mark
	.byte	13                              @ Abbrev [13] 0x1bb:0x74 DW_TAG_subprogram
	.long	.Lfunc_begin0                   @ DW_AT_low_pc
	.long	.Lfunc_end0-.Lfunc_begin0       @ DW_AT_high_pc
	.byte	1                               @ DW_AT_frame_base
	.byte	93
                                        @ DW_AT_GNU_all_call_sites
	.long	.Linfo_string31                 @ DW_AT_name
	.byte	3                               @ DW_AT_decl_file
	.byte	13                              @ DW_AT_decl_line
                                        @ DW_AT_prototyped
	.long	1024                            @ DW_AT_type
                                        @ DW_AT_external
	.byte	14                              @ Abbrev [14] 0x1d0:0xf DW_TAG_formal_parameter
	.long	.Ldebug_loc0                    @ DW_AT_location
	.long	.Linfo_string40                 @ DW_AT_name
	.byte	3                               @ DW_AT_decl_file
	.byte	13                              @ DW_AT_decl_line
	.long	388                             @ DW_AT_type
	.byte	14                              @ Abbrev [14] 0x1df:0xf DW_TAG_formal_parameter
	.long	.Ldebug_loc1                    @ DW_AT_location
	.long	.Linfo_string41                 @ DW_AT_name
	.byte	3                               @ DW_AT_decl_file
	.byte	13                              @ DW_AT_decl_line
	.long	388                             @ DW_AT_type
	.byte	15                              @ Abbrev [15] 0x1ee:0xd DW_TAG_formal_parameter
	.byte	1                               @ DW_AT_location
	.byte	82
	.long	.Linfo_string42                 @ DW_AT_name
	.byte	3                               @ DW_AT_decl_file
	.byte	13                              @ DW_AT_decl_line
	.long	388                             @ DW_AT_type
	.byte	14                              @ Abbrev [14] 0x1fb:0xf DW_TAG_formal_parameter
	.long	.Ldebug_loc2                    @ DW_AT_location
	.long	.Linfo_string43                 @ DW_AT_name
	.byte	3                               @ DW_AT_decl_file
	.byte	13                              @ DW_AT_decl_line
	.long	1031                            @ DW_AT_type
	.byte	16                              @ Abbrev [16] 0x20a:0xf DW_TAG_variable
	.long	.Ldebug_loc3                    @ DW_AT_location
	.long	.Linfo_string44                 @ DW_AT_name
	.byte	3                               @ DW_AT_decl_file
	.byte	15                              @ DW_AT_decl_line
	.long	388                             @ DW_AT_type
	.byte	17                              @ Abbrev [17] 0x219:0x15 DW_TAG_lexical_block
	.long	.Ldebug_ranges0                 @ DW_AT_ranges
	.byte	16                              @ Abbrev [16] 0x21e:0xf DW_TAG_variable
	.long	.Ldebug_loc4                    @ DW_AT_location
	.long	.Linfo_string45                 @ DW_AT_name
	.byte	3                               @ DW_AT_decl_file
	.byte	32                              @ DW_AT_decl_line
	.long	388                             @ DW_AT_type
	.byte	0                               @ End Of Children Mark
	.byte	0                               @ End Of Children Mark
	.byte	13                              @ Abbrev [13] 0x22f:0x34 DW_TAG_subprogram
	.long	.Lfunc_begin1                   @ DW_AT_low_pc
	.long	.Lfunc_end1-.Lfunc_begin1       @ DW_AT_high_pc
	.byte	1                               @ DW_AT_frame_base
	.byte	93
                                        @ DW_AT_GNU_all_call_sites
	.long	.Linfo_string33                 @ DW_AT_name
	.byte	3                               @ DW_AT_decl_file
	.byte	75                              @ DW_AT_decl_line
                                        @ DW_AT_prototyped
	.long	1024                            @ DW_AT_type
                                        @ DW_AT_external
	.byte	14                              @ Abbrev [14] 0x244:0xf DW_TAG_formal_parameter
	.long	.Ldebug_loc5                    @ DW_AT_location
	.long	.Linfo_string44                 @ DW_AT_name
	.byte	3                               @ DW_AT_decl_file
	.byte	75                              @ DW_AT_decl_line
	.long	388                             @ DW_AT_type
	.byte	14                              @ Abbrev [14] 0x253:0xf DW_TAG_formal_parameter
	.long	.Ldebug_loc6                    @ DW_AT_location
	.long	.Linfo_string46                 @ DW_AT_name
	.byte	3                               @ DW_AT_decl_file
	.byte	75                              @ DW_AT_decl_line
	.long	388                             @ DW_AT_type
	.byte	0                               @ End Of Children Mark
	.byte	13                              @ Abbrev [13] 0x263:0x3d DW_TAG_subprogram
	.long	.Lfunc_begin2                   @ DW_AT_low_pc
	.long	.Lfunc_end2-.Lfunc_begin2       @ DW_AT_high_pc
	.byte	1                               @ DW_AT_frame_base
	.byte	93
                                        @ DW_AT_GNU_all_call_sites
	.long	.Linfo_string34                 @ DW_AT_name
	.byte	3                               @ DW_AT_decl_file
	.byte	94                              @ DW_AT_decl_line
                                        @ DW_AT_prototyped
	.long	1024                            @ DW_AT_type
                                        @ DW_AT_external
	.byte	14                              @ Abbrev [14] 0x278:0xf DW_TAG_formal_parameter
	.long	.Ldebug_loc7                    @ DW_AT_location
	.long	.Linfo_string44                 @ DW_AT_name
	.byte	3                               @ DW_AT_decl_file
	.byte	94                              @ DW_AT_decl_line
	.long	388                             @ DW_AT_type
	.byte	14                              @ Abbrev [14] 0x287:0xf DW_TAG_formal_parameter
	.long	.Ldebug_loc8                    @ DW_AT_location
	.long	.Linfo_string43                 @ DW_AT_name
	.byte	3                               @ DW_AT_decl_file
	.byte	94                              @ DW_AT_decl_line
	.long	1031                            @ DW_AT_type
	.byte	18                              @ Abbrev [18] 0x296:0x9 DW_TAG_GNU_call_site
	.long	443                             @ DW_AT_abstract_origin
                                        @ DW_AT_GNU_tail_call
	.long	.Ltmp28                         @ DW_AT_low_pc
	.byte	0                               @ End Of Children Mark
	.byte	13                              @ Abbrev [13] 0x2a0:0x2e DW_TAG_subprogram
	.long	.Lfunc_begin3                   @ DW_AT_low_pc
	.long	.Lfunc_end3-.Lfunc_begin3       @ DW_AT_high_pc
	.byte	1                               @ DW_AT_frame_base
	.byte	93
                                        @ DW_AT_GNU_all_call_sites
	.long	.Linfo_string35                 @ DW_AT_name
	.byte	3                               @ DW_AT_decl_file
	.byte	112                             @ DW_AT_decl_line
                                        @ DW_AT_prototyped
	.long	1024                            @ DW_AT_type
                                        @ DW_AT_external
	.byte	14                              @ Abbrev [14] 0x2b5:0xf DW_TAG_formal_parameter
	.long	.Ldebug_loc9                    @ DW_AT_location
	.long	.Linfo_string44                 @ DW_AT_name
	.byte	3                               @ DW_AT_decl_file
	.byte	112                             @ DW_AT_decl_line
	.long	388                             @ DW_AT_type
	.byte	18                              @ Abbrev [18] 0x2c4:0x9 DW_TAG_GNU_call_site
	.long	443                             @ DW_AT_abstract_origin
                                        @ DW_AT_GNU_tail_call
	.long	.Ltmp31                         @ DW_AT_low_pc
	.byte	0                               @ End Of Children Mark
	.byte	19                              @ Abbrev [19] 0x2ce:0x48 DW_TAG_subprogram
	.long	.Lfunc_begin4                   @ DW_AT_low_pc
	.long	.Lfunc_end4-.Lfunc_begin4       @ DW_AT_high_pc
	.byte	1                               @ DW_AT_frame_base
	.byte	93
                                        @ DW_AT_GNU_all_call_sites
	.long	.Linfo_string36                 @ DW_AT_name
	.byte	3                               @ DW_AT_decl_file
	.byte	117                             @ DW_AT_decl_line
                                        @ DW_AT_prototyped
                                        @ DW_AT_external
	.byte	14                              @ Abbrev [14] 0x2df:0xf DW_TAG_formal_parameter
	.long	.Ldebug_loc10                   @ DW_AT_location
	.long	.Linfo_string41                 @ DW_AT_name
	.byte	3                               @ DW_AT_decl_file
	.byte	117                             @ DW_AT_decl_line
	.long	388                             @ DW_AT_type
	.byte	14                              @ Abbrev [14] 0x2ee:0xf DW_TAG_formal_parameter
	.long	.Ldebug_loc11                   @ DW_AT_location
	.long	.Linfo_string42                 @ DW_AT_name
	.byte	3                               @ DW_AT_decl_file
	.byte	117                             @ DW_AT_decl_line
	.long	388                             @ DW_AT_type
	.byte	14                              @ Abbrev [14] 0x2fd:0xf DW_TAG_formal_parameter
	.long	.Ldebug_loc12                   @ DW_AT_location
	.long	.Linfo_string43                 @ DW_AT_name
	.byte	3                               @ DW_AT_decl_file
	.byte	117                             @ DW_AT_decl_line
	.long	1031                            @ DW_AT_type
	.byte	18                              @ Abbrev [18] 0x30c:0x9 DW_TAG_GNU_call_site
	.long	443                             @ DW_AT_abstract_origin
                                        @ DW_AT_GNU_tail_call
	.long	.Ltmp36                         @ DW_AT_low_pc
	.byte	0                               @ End Of Children Mark
	.byte	19                              @ Abbrev [19] 0x316:0x48 DW_TAG_subprogram
	.long	.Lfunc_begin5                   @ DW_AT_low_pc
	.long	.Lfunc_end5-.Lfunc_begin5       @ DW_AT_high_pc
	.byte	1                               @ DW_AT_frame_base
	.byte	93
                                        @ DW_AT_GNU_all_call_sites
	.long	.Linfo_string37                 @ DW_AT_name
	.byte	3                               @ DW_AT_decl_file
	.byte	123                             @ DW_AT_decl_line
                                        @ DW_AT_prototyped
                                        @ DW_AT_external
	.byte	14                              @ Abbrev [14] 0x327:0xf DW_TAG_formal_parameter
	.long	.Ldebug_loc13                   @ DW_AT_location
	.long	.Linfo_string41                 @ DW_AT_name
	.byte	3                               @ DW_AT_decl_file
	.byte	123                             @ DW_AT_decl_line
	.long	388                             @ DW_AT_type
	.byte	14                              @ Abbrev [14] 0x336:0xf DW_TAG_formal_parameter
	.long	.Ldebug_loc14                   @ DW_AT_location
	.long	.Linfo_string42                 @ DW_AT_name
	.byte	3                               @ DW_AT_decl_file
	.byte	123                             @ DW_AT_decl_line
	.long	388                             @ DW_AT_type
	.byte	14                              @ Abbrev [14] 0x345:0xf DW_TAG_formal_parameter
	.long	.Ldebug_loc15                   @ DW_AT_location
	.long	.Linfo_string43                 @ DW_AT_name
	.byte	3                               @ DW_AT_decl_file
	.byte	123                             @ DW_AT_decl_line
	.long	1031                            @ DW_AT_type
	.byte	18                              @ Abbrev [18] 0x354:0x9 DW_TAG_GNU_call_site
	.long	443                             @ DW_AT_abstract_origin
                                        @ DW_AT_GNU_tail_call
	.long	.Ltmp41                         @ DW_AT_low_pc
	.byte	0                               @ End Of Children Mark
	.byte	13                              @ Abbrev [13] 0x35e:0x66 DW_TAG_subprogram
	.long	.Lfunc_begin6                   @ DW_AT_low_pc
	.long	.Lfunc_end6-.Lfunc_begin6       @ DW_AT_high_pc
	.byte	1                               @ DW_AT_frame_base
	.byte	93
                                        @ DW_AT_GNU_all_call_sites
	.long	.Linfo_string38                 @ DW_AT_name
	.byte	3                               @ DW_AT_decl_file
	.byte	131                             @ DW_AT_decl_line
                                        @ DW_AT_prototyped
	.long	1024                            @ DW_AT_type
                                        @ DW_AT_external
	.byte	14                              @ Abbrev [14] 0x373:0xf DW_TAG_formal_parameter
	.long	.Ldebug_loc16                   @ DW_AT_location
	.long	.Linfo_string41                 @ DW_AT_name
	.byte	3                               @ DW_AT_decl_file
	.byte	131                             @ DW_AT_decl_line
	.long	388                             @ DW_AT_type
	.byte	14                              @ Abbrev [14] 0x382:0xf DW_TAG_formal_parameter
	.long	.Ldebug_loc17                   @ DW_AT_location
	.long	.Linfo_string47                 @ DW_AT_name
	.byte	3                               @ DW_AT_decl_file
	.byte	131                             @ DW_AT_decl_line
	.long	388                             @ DW_AT_type
	.byte	16                              @ Abbrev [16] 0x391:0xf DW_TAG_variable
	.long	.Ldebug_loc18                   @ DW_AT_location
	.long	.Linfo_string44                 @ DW_AT_name
	.byte	3                               @ DW_AT_decl_file
	.byte	133                             @ DW_AT_decl_line
	.long	388                             @ DW_AT_type
	.byte	20                              @ Abbrev [20] 0x3a0:0x23 DW_TAG_lexical_block
	.long	.Ltmp45                         @ DW_AT_low_pc
	.long	.Ltmp54-.Ltmp45                 @ DW_AT_high_pc
	.byte	21                              @ Abbrev [21] 0x3a9:0xc DW_TAG_variable
	.byte	34                              @ DW_AT_const_value
	.long	.Linfo_string40                 @ DW_AT_name
	.byte	3                               @ DW_AT_decl_file
	.byte	140                             @ DW_AT_decl_line
	.long	388                             @ DW_AT_type
	.byte	21                              @ Abbrev [21] 0x3b5:0xd DW_TAG_variable
	.ascii	"\200\004"                      @ DW_AT_const_value
	.long	.Linfo_string48                 @ DW_AT_name
	.byte	3                               @ DW_AT_decl_file
	.byte	140                             @ DW_AT_decl_line
	.long	388                             @ DW_AT_type
	.byte	0                               @ End Of Children Mark
	.byte	0                               @ End Of Children Mark
	.byte	19                              @ Abbrev [19] 0x3c4:0x3c DW_TAG_subprogram
	.long	.Lfunc_begin7                   @ DW_AT_low_pc
	.long	.Lfunc_end7-.Lfunc_begin7       @ DW_AT_high_pc
	.byte	1                               @ DW_AT_frame_base
	.byte	93
                                        @ DW_AT_GNU_all_call_sites
	.long	.Linfo_string39                 @ DW_AT_name
	.byte	3                               @ DW_AT_decl_file
	.byte	164                             @ DW_AT_decl_line
                                        @ DW_AT_prototyped
                                        @ DW_AT_external
	.byte	14                              @ Abbrev [14] 0x3d5:0xf DW_TAG_formal_parameter
	.long	.Ldebug_loc19                   @ DW_AT_location
	.long	.Linfo_string43                 @ DW_AT_name
	.byte	3                               @ DW_AT_decl_file
	.byte	164                             @ DW_AT_decl_line
	.long	1031                            @ DW_AT_type
	.byte	14                              @ Abbrev [14] 0x3e4:0xf DW_TAG_formal_parameter
	.long	.Ldebug_loc20                   @ DW_AT_location
	.long	.Linfo_string49                 @ DW_AT_name
	.byte	3                               @ DW_AT_decl_file
	.byte	164                             @ DW_AT_decl_line
	.long	1031                            @ DW_AT_type
	.byte	21                              @ Abbrev [21] 0x3f3:0xc DW_TAG_variable
	.byte	16                              @ DW_AT_const_value
	.long	.Linfo_string48                 @ DW_AT_name
	.byte	3                               @ DW_AT_decl_file
	.byte	166                             @ DW_AT_decl_line
	.long	388                             @ DW_AT_type
	.byte	0                               @ End Of Children Mark
	.byte	8                               @ Abbrev [8] 0x400:0x7 DW_TAG_base_type
	.long	.Linfo_string32                 @ DW_AT_name
	.byte	5                               @ DW_AT_encoding
	.byte	4                               @ DW_AT_byte_size
	.byte	2                               @ Abbrev [2] 0x407:0x5 DW_TAG_pointer_type
	.long	388                             @ DW_AT_type
	.byte	0                               @ End Of Children Mark
.Ldebug_info_end0:
	.section	.debug_ranges,"",%progbits
.Ldebug_ranges0:
	.long	.Ltmp3
	.long	.Ltmp17
	.long	.Ltmp18
	.long	.Ltmp19
	.long	0
	.long	0
.Ldebug_ranges1:
	.long	.Lfunc_begin0
	.long	.Lfunc_end0
	.long	.Lfunc_begin1
	.long	.Lfunc_end1
	.long	.Lfunc_begin2
	.long	.Lfunc_end2
	.long	.Lfunc_begin3
	.long	.Lfunc_end3
	.long	.Lfunc_begin4
	.long	.Lfunc_end4
	.long	.Lfunc_begin5
	.long	.Lfunc_end5
	.long	.Lfunc_begin6
	.long	.Lfunc_end6
	.long	.Lfunc_begin7
	.long	.Lfunc_end7
	.long	0
	.long	0
	.section	.debug_str,"MS",%progbits,1
.Linfo_string0:
	.asciz	"Component: Arm Compiler for Embedded 6.19 Tool: armclang [5e73cb00]" @ string offset=0
.Linfo_string1:
	.asciz	"..\\fmc_user.c"                @ string offset=68
.Linfo_string2:
	.asciz	"C:\\Users\\jcliu\\Desktop\\M251BSP-master\\SampleCode\\ISP\\APROM\\KEIL" @ string offset=82
.Linfo_string3:
	.asciz	"ISPCTL"                        @ string offset=146
.Linfo_string4:
	.asciz	"unsigned int"                  @ string offset=153
.Linfo_string5:
	.asciz	"uint32_t"                      @ string offset=166
.Linfo_string6:
	.asciz	"ISPADDR"                       @ string offset=175
.Linfo_string7:
	.asciz	"ISPDAT"                        @ string offset=183
.Linfo_string8:
	.asciz	"ISPCMD"                        @ string offset=190
.Linfo_string9:
	.asciz	"ISPTRG"                        @ string offset=197
.Linfo_string10:
	.asciz	"RESERVE0"                      @ string offset=204
.Linfo_string11:
	.asciz	"FTCTL"                         @ string offset=213
.Linfo_string12:
	.asciz	"RESERVE1"                      @ string offset=219
.Linfo_string13:
	.asciz	"__ARRAY_SIZE_TYPE__"           @ string offset=228
.Linfo_string14:
	.asciz	"ISPSTS"                        @ string offset=248
.Linfo_string15:
	.asciz	"RESERVE2"                      @ string offset=255
.Linfo_string16:
	.asciz	"CYCCTL"                        @ string offset=264
.Linfo_string17:
	.asciz	"RESERVE3"                      @ string offset=271
.Linfo_string18:
	.asciz	"MPDAT0"                        @ string offset=280
.Linfo_string19:
	.asciz	"MPDAT1"                        @ string offset=287
.Linfo_string20:
	.asciz	"MPDAT2"                        @ string offset=294
.Linfo_string21:
	.asciz	"MPDAT3"                        @ string offset=301
.Linfo_string22:
	.asciz	"RESERVE4"                      @ string offset=308
.Linfo_string23:
	.asciz	"MPSTS"                         @ string offset=317
.Linfo_string24:
	.asciz	"MPADDR"                        @ string offset=323
.Linfo_string25:
	.asciz	"RESERVE5"                      @ string offset=330
.Linfo_string26:
	.asciz	"XOMR0STS0"                     @ string offset=339
.Linfo_string27:
	.asciz	"XOMR0STS1"                     @ string offset=349
.Linfo_string28:
	.asciz	"RESERVE6"                      @ string offset=359
.Linfo_string29:
	.asciz	"XOMSTS"                        @ string offset=368
.Linfo_string30:
	.asciz	"FMC_T"                         @ string offset=375
.Linfo_string31:
	.asciz	"FMC_Proc"                      @ string offset=381
.Linfo_string32:
	.asciz	"int"                           @ string offset=390
.Linfo_string33:
	.asciz	"FMC_Write_User"                @ string offset=394
.Linfo_string34:
	.asciz	"FMC_Read_User"                 @ string offset=409
.Linfo_string35:
	.asciz	"FMC_Erase_User"                @ string offset=423
.Linfo_string36:
	.asciz	"ReadData"                      @ string offset=438
.Linfo_string37:
	.asciz	"WriteData"                     @ string offset=447
.Linfo_string38:
	.asciz	"EraseAP"                       @ string offset=457
.Linfo_string39:
	.asciz	"UpdateConfig"                  @ string offset=465
.Linfo_string40:
	.asciz	"u32Cmd"                        @ string offset=478
.Linfo_string41:
	.asciz	"addr_start"                    @ string offset=485
.Linfo_string42:
	.asciz	"addr_end"                      @ string offset=496
.Linfo_string43:
	.asciz	"data"                          @ string offset=505
.Linfo_string44:
	.asciz	"u32Addr"                       @ string offset=510
.Linfo_string45:
	.asciz	"Reg"                           @ string offset=518
.Linfo_string46:
	.asciz	"u32Data"                       @ string offset=522
.Linfo_string47:
	.asciz	"size"                          @ string offset=530
.Linfo_string48:
	.asciz	"u32Size"                       @ string offset=535
.Linfo_string49:
	.asciz	"res"                           @ string offset=543
	.ident	"Component: Arm Compiler for Embedded 6.19 Tool: armclang [5e73cb00]"
	.section	".note.GNU-stack","",%progbits
	.eabi_attribute	30, 4	@ Tag_ABI_optimization_goals
	.ARM_attribute	16, 1	@ Tag_AV_eba
	.section	.debug_line,"",%progbits
.Lline_table_start0:
