	.text
	.syntax unified
	.eabi_attribute	67, "2.09"	@ Tag_conformance
	.cpu	cortex-m23
	.eabi_attribute	6, 16	@ Tag_CPU_arch
	.eabi_attribute	7, 77	@ Tag_CPU_arch_profile
	.eabi_attribute	8, 0	@ Tag_ARM_ISA_use
	.eabi_attribute	9, 3	@ Tag_THUMB_ISA_use
	.eabi_attribute	34, 0	@ Tag_CPU_unaligned_access
	.eabi_attribute	17, 1	@ Tag_ABI_PCS_GOT_use
	.eabi_attribute	20, 2	@ Tag_ABI_FP_denormal
	.eabi_attribute	21, 0	@ Tag_ABI_FP_exceptions
	.eabi_attribute	23, 1	@ Tag_ABI_FP_number_model
	.eabi_attribute	24, 1	@ Tag_ABI_align_needed
	.eabi_attribute	25, 1	@ Tag_ABI_align_preserved
	.eabi_attribute	38, 1	@ Tag_ABI_FP_16bit_format
	.eabi_attribute	18, 2	@ Tag_ABI_PCS_wchar_t
	.eabi_attribute	26, 1	@ Tag_ABI_enum_size
	.eabi_attribute	14, 0	@ Tag_ABI_PCS_R9_use
	.file	"isp_user.c"
	.file	1 "C:\\Keil_v5\\ARM\\ARMCLANG\\Bin\\..\\include" "stdint.h"
	.file	2 "C:\\Users\\jcliu\\Desktop\\M251BSP-master\\SampleCode\\ISP\\APROM\\KEIL" "../isp_user.c"
	.file	3 "C:\\Users\\jcliu\\Desktop\\M251BSP-master\\SampleCode\\ISP\\APROM\\KEIL" "../../../../Library/Device/Nuvoton/M251/Include/sys_reg.h"
	.file	4 "C:\\Users\\jcliu\\Desktop\\M251BSP-master\\SampleCode\\ISP\\APROM\\KEIL" "../../../../Library/Device/Nuvoton/M251/Include/fmc_reg.h"
	.section	.text.ParseCmd,"ax",%progbits
	.hidden	ParseCmd                        @ -- Begin function ParseCmd
	.globl	ParseCmd
	.p2align	2
	.type	ParseCmd,%function
	.code	16                              @ @ParseCmd
	.thumb_func
ParseCmd:
.Lfunc_begin0:
	.loc	2 55 0                          @ ../isp_user.c:55:0
	.fnstart
	.cfi_sections .debug_frame
	.cfi_startproc
@ %bb.0:
	@DEBUG_VALUE: ParseCmd:buffer <- $r0
	@DEBUG_VALUE: ParseCmd:len <- $r1
	.save	{r4, r5, r6, r7, lr}
	.pad	#4
	push	{r3, r4, r5, r6, r7, lr}
	.cfi_def_cfa_offset 24
	.cfi_offset lr, -4
	.cfi_offset r7, -8
	.cfi_offset r6, -12
	.cfi_offset r5, -16
	.cfi_offset r4, -20
	mov	r4, r1
.Ltmp0:
	@DEBUG_VALUE: ParseCmd:len <- $r4
	mov	r5, r0
.Ltmp1:
	@DEBUG_VALUE: ParseCmd:srclen <- [DW_OP_LLVM_convert 8 7, DW_OP_LLVM_convert 32 7, DW_OP_stack_value] undef
	@DEBUG_VALUE: ParseCmd:pSrc <- $r5
	@DEBUG_VALUE: ParseCmd:buffer <- $r5
	.loc	2 65 12 prologue_end            @ ../isp_user.c:65:12
	ldr	r6, [r0]
.Ltmp2:
	@DEBUG_VALUE: ParseCmd:lcmd <- $r6
	.loc	2 66 5                          @ ../isp_user.c:66:5
	ldr	r2, __arm_cp.0_0
.Ltmp3:
	@DEBUG_VALUE: ParseCmd:response <- $r2
	.loc	2 0 5 is_stmt 0                 @ ../isp_user.c:0:5
	movs	r7, #0
	.loc	2 66 5                          @ ../isp_user.c:66:5
	str	r7, [r2, #4]
.Ltmp4:
	@DEBUG_VALUE: ParseCmd:response <- undef
	.loc	2 69 5 is_stmt 1                @ ../isp_user.c:69:5
	adds	r2, #8
	movs	r0, #3
	lsls	r0, r0, #20
.Ltmp5:
	@DEBUG_VALUE: ParseCmd:srclen <- [DW_OP_LLVM_convert 8 7, DW_OP_LLVM_convert 32 7, DW_OP_constu 8, DW_OP_minus, DW_OP_stack_value] undef
	@DEBUG_VALUE: ParseCmd:pSrc <- [DW_OP_plus_uconst 8, DW_OP_stack_value] $r5
	mov	r1, r0
	adds	r1, #16
	bl	ReadData
.Ltmp6:
	@DEBUG_VALUE: ParseCmd:security <- [DW_OP_constu 2, DW_OP_and, DW_OP_stack_value] undef
	@DEBUG_VALUE: ParseCmd:regcnf0 <- undef
	.loc	2 73 9                          @ ../isp_user.c:73:9
	cmp	r6, #202
	beq	.LBB0_9
.Ltmp7:
@ %bb.1:
	@DEBUG_VALUE: ParseCmd:pSrc <- [DW_OP_plus_uconst 8, DW_OP_stack_value] $r5
	@DEBUG_VALUE: ParseCmd:lcmd <- $r6
	@DEBUG_VALUE: ParseCmd:buffer <- $r5
	@DEBUG_VALUE: ParseCmd:len <- $r4
	cmp	r6, #166
	beq	.LBB0_6
.Ltmp8:
@ %bb.2:
	@DEBUG_VALUE: ParseCmd:pSrc <- [DW_OP_plus_uconst 8, DW_OP_stack_value] $r5
	@DEBUG_VALUE: ParseCmd:lcmd <- $r6
	@DEBUG_VALUE: ParseCmd:buffer <- $r5
	@DEBUG_VALUE: ParseCmd:len <- $r4
	cmp	r6, #174
	ldr	r3, __arm_cp.0_0
	beq	.LBB0_7
.Ltmp9:
@ %bb.3:
	@DEBUG_VALUE: ParseCmd:pSrc <- [DW_OP_plus_uconst 8, DW_OP_stack_value] $r5
	@DEBUG_VALUE: ParseCmd:lcmd <- $r6
	@DEBUG_VALUE: ParseCmd:buffer <- $r5
	@DEBUG_VALUE: ParseCmd:len <- $r4
	cmp	r6, #177
	beq	.LBB0_8
.Ltmp10:
@ %bb.4:
	@DEBUG_VALUE: ParseCmd:pSrc <- [DW_OP_plus_uconst 8, DW_OP_stack_value] $r5
	@DEBUG_VALUE: ParseCmd:lcmd <- $r6
	@DEBUG_VALUE: ParseCmd:buffer <- $r5
	@DEBUG_VALUE: ParseCmd:len <- $r4
	cmp	r6, #164
	bne	.LBB0_14
.Ltmp11:
@ %bb.5:
	@DEBUG_VALUE: ParseCmd:pSrc <- [DW_OP_plus_uconst 8, DW_OP_stack_value] $r5
	@DEBUG_VALUE: ParseCmd:lcmd <- $r6
	@DEBUG_VALUE: ParseCmd:buffer <- $r5
	@DEBUG_VALUE: ParseCmd:len <- $r4
	@DEBUG_VALUE: ParseCmd:pSrc <- [DW_OP_plus_uconst 8, DW_OP_stack_value] $r5
	.loc	2 75 20                         @ ../isp_user.c:75:20
	ldr	r0, [r5, #8]
	.loc	2 75 18 is_stmt 0               @ ../isp_user.c:75:18
	ldr	r1, __arm_cp.0_2
	str	r0, [r1]
.Ltmp12:
	@DEBUG_VALUE: ParseCmd:srclen <- [DW_OP_constu 8, DW_OP_minus, DW_OP_stack_value] $r4
	@DEBUG_VALUE: Checksum:len <- $r4
	@DEBUG_VALUE: Checksum:buf <- $r5
	@DEBUG_VALUE: Checksum:c <- 0
	@DEBUG_VALUE: Checksum:i <- 0
	.loc	2 0 18                          @ ../isp_user.c:0:18
	b	.LBB0_14
.Ltmp13:
.LBB0_6:
	@DEBUG_VALUE: ParseCmd:pSrc <- [DW_OP_plus_uconst 8, DW_OP_stack_value] $r5
	@DEBUG_VALUE: ParseCmd:lcmd <- $r6
	@DEBUG_VALUE: ParseCmd:buffer <- $r5
	@DEBUG_VALUE: ParseCmd:len <- $r4
	movs	r0, #50
	ldr	r3, __arm_cp.0_0
.Ltmp14:
	.loc	2 85 21 is_stmt 1               @ ../isp_user.c:85:21
	strb	r0, [r3, #8]
.Ltmp15:
	@DEBUG_VALUE: ParseCmd:srclen <- [DW_OP_constu 8, DW_OP_minus, DW_OP_stack_value] $r4
	@DEBUG_VALUE: Checksum:len <- $r4
	@DEBUG_VALUE: Checksum:buf <- $r5
	@DEBUG_VALUE: Checksum:c <- 0
	@DEBUG_VALUE: Checksum:i <- 0
	.loc	2 0 21 is_stmt 0                @ ../isp_user.c:0:21
	b	.LBB0_14
.Ltmp16:
.LBB0_7:
	@DEBUG_VALUE: ParseCmd:pSrc <- [DW_OP_plus_uconst 8, DW_OP_stack_value] $r5
	@DEBUG_VALUE: ParseCmd:lcmd <- $r6
	@DEBUG_VALUE: ParseCmd:buffer <- $r5
	@DEBUG_VALUE: ParseCmd:len <- $r4
	.loc	2 95 18 is_stmt 1               @ ../isp_user.c:95:18
	ldr	r0, __arm_cp.0_2
	movs	r1, #1
	str	r1, [r0]
.Ltmp17:
	@DEBUG_VALUE: ParseCmd:srclen <- [DW_OP_constu 8, DW_OP_minus, DW_OP_stack_value] $r4
	@DEBUG_VALUE: Checksum:len <- $r4
	@DEBUG_VALUE: Checksum:buf <- $r5
	@DEBUG_VALUE: Checksum:c <- 0
	@DEBUG_VALUE: Checksum:i <- 0
	.loc	2 0 18 is_stmt 0                @ ../isp_user.c:0:18
	b	.LBB0_14
.Ltmp18:
.LBB0_8:
	@DEBUG_VALUE: ParseCmd:pSrc <- [DW_OP_plus_uconst 8, DW_OP_stack_value] $r5
	@DEBUG_VALUE: ParseCmd:lcmd <- $r6
	@DEBUG_VALUE: ParseCmd:buffer <- $r5
	@DEBUG_VALUE: ParseCmd:len <- $r4
	movs	r0, #1
	lsls	r0, r0, #30
.Ltmp19:
	.loc	2 89 9 is_stmt 1                @ ../isp_user.c:89:9
	ldr	r0, [r0]
	b	.LBB0_12
.Ltmp20:
.LBB0_9:
	@DEBUG_VALUE: ParseCmd:pSrc <- [DW_OP_plus_uconst 8, DW_OP_stack_value] $r5
	@DEBUG_VALUE: ParseCmd:lcmd <- $r6
	@DEBUG_VALUE: ParseCmd:buffer <- $r5
	@DEBUG_VALUE: ParseCmd:len <- $r4
	.loc	2 0 9 is_stmt 0                 @ ../isp_user.c:0:9
	ldr	r0, __arm_cp.0_1
.Ltmp21:
	.loc	2 102 9 is_stmt 1               @ ../isp_user.c:102:9
	ldr	r0, [r0]
	lsls	r0, r0, #30
	ldr	r3, __arm_cp.0_0
	bpl	.LBB0_11
.Ltmp22:
@ %bb.10:
	@DEBUG_VALUE: ParseCmd:pSrc <- [DW_OP_plus_uconst 8, DW_OP_stack_value] $r5
	@DEBUG_VALUE: ParseCmd:lcmd <- $r6
	@DEBUG_VALUE: ParseCmd:buffer <- $r5
	@DEBUG_VALUE: ParseCmd:len <- $r4
	.loc	2 0 9 is_stmt 0                 @ ../isp_user.c:0:9
	movs	r0, #2
	b	.LBB0_12
.Ltmp23:
.LBB0_11:
	@DEBUG_VALUE: ParseCmd:pSrc <- [DW_OP_plus_uconst 8, DW_OP_stack_value] $r5
	@DEBUG_VALUE: ParseCmd:lcmd <- $r6
	@DEBUG_VALUE: ParseCmd:buffer <- $r5
	@DEBUG_VALUE: ParseCmd:len <- $r4
	movs	r0, #1
.Ltmp24:
.LBB0_12:
	@DEBUG_VALUE: ParseCmd:pSrc <- [DW_OP_plus_uconst 8, DW_OP_stack_value] $r5
	@DEBUG_VALUE: ParseCmd:lcmd <- $r6
	@DEBUG_VALUE: ParseCmd:buffer <- $r5
	@DEBUG_VALUE: ParseCmd:len <- $r4
	str	r0, [r3, #8]
.Ltmp25:
	@DEBUG_VALUE: ParseCmd:srclen <- [DW_OP_constu 8, DW_OP_minus, DW_OP_stack_value] $r4
	@DEBUG_VALUE: Checksum:len <- $r4
	@DEBUG_VALUE: Checksum:buf <- $r5
	@DEBUG_VALUE: Checksum:c <- 0
	@DEBUG_VALUE: Checksum:i <- 0
	b	.LBB0_14
.Ltmp26:
.LBB0_13:                               @   in Loop: Header=BB0_14 Depth=1
	@DEBUG_VALUE: Checksum:i <- [DW_OP_LLVM_arg 0, DW_OP_LLVM_arg 0, DW_OP_LLVM_convert 32 7, DW_OP_minus, DW_OP_consts 18446744073709551615, DW_OP_div, DW_OP_stack_value] $r4
	@DEBUG_VALUE: Checksum:c <- $r7
	@DEBUG_VALUE: ParseCmd:lcmd <- $r6
	.loc	2 26 14 is_stmt 1               @ ../isp_user.c:26:14
	ldrb	r0, [r5]
	.loc	2 26 11 is_stmt 0               @ ../isp_user.c:26:11
	adds	r7, r7, r0
.Ltmp27:
	@DEBUG_VALUE: Checksum:c <- $r7
	.loc	2 24 5 is_stmt 1                @ ../isp_user.c:24:5
	adds	r5, r5, #1
.Ltmp28:
	@DEBUG_VALUE: ParseCmd:buffer <- [DW_OP_LLVM_entry_value 1] $r0
	@DEBUG_VALUE: Checksum:i <- [DW_OP_LLVM_arg 0, DW_OP_LLVM_arg 0, DW_OP_LLVM_convert 32 7, DW_OP_minus, DW_OP_consts 18446744073709551615, DW_OP_div, DW_OP_consts 1, DW_OP_plus, DW_OP_stack_value] $r4
	subs	r4, r4, #1
.Ltmp29:
	@DEBUG_VALUE: ParseCmd:len <- [DW_OP_LLVM_entry_value 1] $r1
.LBB0_14:                               @ =>This Inner Loop Header: Depth=1
	@DEBUG_VALUE: ParseCmd:lcmd <- $r6
	@DEBUG_VALUE: Checksum:c <- $r7
	@DEBUG_VALUE: Checksum:i <- [DW_OP_LLVM_arg 0, DW_OP_LLVM_arg 0, DW_OP_LLVM_convert 32 7, DW_OP_minus, DW_OP_consts 18446744073709551615, DW_OP_div, DW_OP_stack_value] $r4
	.loc	2 24 5 is_stmt 0                @ ../isp_user.c:24:5
	cmp	r4, #0
	bne	.LBB0_13
.Ltmp30:
@ %bb.15:
	@DEBUG_VALUE: ParseCmd:lcmd <- $r6
	@DEBUG_VALUE: ParseCmd:lcksum <- $r7
	.loc	2 107 5 is_stmt 1               @ ../isp_user.c:107:5
	strh	r7, [r3]
	.loc	2 108 5                         @ ../isp_user.c:108:5
	ldr	r0, __arm_cp.0_2
	ldr	r1, [r0]
	.loc	2 110 13                        @ ../isp_user.c:110:13
	adds	r2, r1, #2
	str	r2, [r0]
	.loc	2 108 5                         @ ../isp_user.c:108:5
	adds	r0, r1, #1
	.loc	2 109 5                         @ ../isp_user.c:109:5
	str	r0, [r3, #4]
	movs	r0, #0
	.loc	2 111 5                         @ ../isp_user.c:111:5
	pop	{r3, r4, r5, r6, r7, pc}
.Ltmp31:
	.p2align	2
@ %bb.16:
	.loc	2 0 5 is_stmt 0                 @ ../isp_user.c:0:5
__arm_cp.0_0:
	.long	response_buff
.Lcpi_end0:
	.size	__arm_cp.0_0, .Lcpi_end0-__arm_cp.0_0
__arm_cp.0_1:
	.long	1073790976                      @ 0x4000c000
.Lcpi_end1:
	.size	__arm_cp.0_1, .Lcpi_end1-__arm_cp.0_1
__arm_cp.0_2:
	.long	ParseCmd.g_packno
.Lcpi_end2:
	.size	__arm_cp.0_2, .Lcpi_end2-__arm_cp.0_2
.Lfunc_end0:
	.size	ParseCmd, .Lfunc_end0-ParseCmd
	.cfi_endproc
	.cantunwind
	.fnend
                                        @ -- End function
	.type	ParseCmd.g_packno,%object       @ @ParseCmd.g_packno
	.section	.data.ParseCmd.g_packno,"aw",%progbits
	.p2align	2, 0x0
ParseCmd.g_packno:
	.long	1                               @ 0x1
	.size	ParseCmd.g_packno, 4

	.hidden	response_buff                   @ @response_buff
	.type	response_buff,%object
	.section	.bss.response_buff,"aw",%nobits
	.globl	response_buff
	.p2align	2, 0x0
response_buff:
	.zero	64
	.size	response_buff, 64

	.hidden	bUpdateApromCmd                 @ @bUpdateApromCmd
	.type	bUpdateApromCmd,%object
	.section	.bss.bUpdateApromCmd,"aw",%nobits
	.globl	bUpdateApromCmd
	.p2align	2, 0x0
bUpdateApromCmd:
	.long	0                               @ 0x0
	.size	bUpdateApromCmd, 4

	.hidden	g_apromSize                     @ @g_apromSize
	.type	g_apromSize,%object
	.section	.bss.g_apromSize,"aw",%nobits
	.globl	g_apromSize
	.p2align	2, 0x0
g_apromSize:
	.long	0                               @ 0x0
	.size	g_apromSize, 4

	.hidden	g_dataFlashAddr                 @ @g_dataFlashAddr
	.type	g_dataFlashAddr,%object
	.section	.bss.g_dataFlashAddr,"aw",%nobits
	.globl	g_dataFlashAddr
	.p2align	2, 0x0
g_dataFlashAddr:
	.long	0                               @ 0x0
	.size	g_dataFlashAddr, 4

	.hidden	g_dataFlashSize                 @ @g_dataFlashSize
	.type	g_dataFlashSize,%object
	.section	.bss.g_dataFlashSize,"aw",%nobits
	.globl	g_dataFlashSize
	.p2align	2, 0x0
g_dataFlashSize:
	.long	0                               @ 0x0
	.size	g_dataFlashSize, 4

	.section	.debug_loc,"",%progbits
.Ldebug_loc0:
	.long	.Lfunc_begin0-.Lfunc_begin0
	.long	.Ltmp1-.Lfunc_begin0
	.short	1                               @ Loc expr size
	.byte	80                              @ DW_OP_reg0
	.long	.Ltmp1-.Lfunc_begin0
	.long	.Ltmp26-.Lfunc_begin0
	.short	1                               @ Loc expr size
	.byte	85                              @ DW_OP_reg5
	.long	.Ltmp28-.Lfunc_begin0
	.long	.Ltmp29-.Lfunc_begin0
	.short	4                               @ Loc expr size
	.byte	243                             @ DW_OP_GNU_entry_value
	.byte	1                               @ 1
	.byte	80                              @ DW_OP_reg0
	.byte	159                             @ DW_OP_stack_value
	.long	0
	.long	0
.Ldebug_loc1:
	.long	.Lfunc_begin0-.Lfunc_begin0
	.long	.Ltmp0-.Lfunc_begin0
	.short	1                               @ Loc expr size
	.byte	81                              @ DW_OP_reg1
	.long	.Ltmp0-.Lfunc_begin0
	.long	.Ltmp26-.Lfunc_begin0
	.short	1                               @ Loc expr size
	.byte	84                              @ DW_OP_reg4
	.long	0
	.long	0
.Ldebug_loc2:
	.long	.Ltmp12-.Lfunc_begin0
	.long	.Ltmp13-.Lfunc_begin0
	.short	3                               @ Loc expr size
	.byte	116                             @ DW_OP_breg4
	.byte	120                             @ -8
	.byte	159                             @ DW_OP_stack_value
	.long	.Ltmp15-.Lfunc_begin0
	.long	.Ltmp16-.Lfunc_begin0
	.short	3                               @ Loc expr size
	.byte	116                             @ DW_OP_breg4
	.byte	120                             @ -8
	.byte	159                             @ DW_OP_stack_value
	.long	.Ltmp17-.Lfunc_begin0
	.long	.Ltmp18-.Lfunc_begin0
	.short	3                               @ Loc expr size
	.byte	116                             @ DW_OP_breg4
	.byte	120                             @ -8
	.byte	159                             @ DW_OP_stack_value
	.long	.Ltmp25-.Lfunc_begin0
	.long	.Ltmp26-.Lfunc_begin0
	.short	3                               @ Loc expr size
	.byte	116                             @ DW_OP_breg4
	.byte	120                             @ -8
	.byte	159                             @ DW_OP_stack_value
	.long	0
	.long	0
.Ldebug_loc3:
	.long	.Ltmp1-.Lfunc_begin0
	.long	.Ltmp5-.Lfunc_begin0
	.short	1                               @ Loc expr size
	.byte	85                              @ DW_OP_reg5
	.long	.Ltmp5-.Lfunc_begin0
	.long	.Ltmp26-.Lfunc_begin0
	.short	3                               @ Loc expr size
	.byte	117                             @ DW_OP_breg5
	.byte	8                               @ 8
	.byte	159                             @ DW_OP_stack_value
	.long	0
	.long	0
.Ldebug_loc4:
	.long	.Ltmp2-.Lfunc_begin0
	.long	.Ltmp31-.Lfunc_begin0
	.short	1                               @ Loc expr size
	.byte	86                              @ DW_OP_reg6
	.long	0
	.long	0
.Ldebug_loc5:
	.long	.Ltmp3-.Lfunc_begin0
	.long	.Ltmp4-.Lfunc_begin0
	.short	1                               @ Loc expr size
	.byte	82                              @ DW_OP_reg2
	.long	0
	.long	0
.Ldebug_loc6:
	.long	.Ltmp26-.Lfunc_begin0
	.long	.Ltmp28-.Lfunc_begin0
	.short	9                               @ Loc expr size
	.byte	116                             @ DW_OP_breg4
	.byte	0                               @ 0
	.byte	116                             @ DW_OP_breg4
	.byte	0                               @ 0
	.byte	28                              @ DW_OP_minus
	.byte	17                              @ DW_OP_consts
	.byte	127                             @ -1
	.byte	27                              @ DW_OP_div
	.byte	159                             @ DW_OP_stack_value
	.long	.Ltmp28-.Lfunc_begin0
	.long	.Ltmp29-.Lfunc_begin0
	.short	12                              @ Loc expr size
	.byte	116                             @ DW_OP_breg4
	.byte	0                               @ 0
	.byte	116                             @ DW_OP_breg4
	.byte	0                               @ 0
	.byte	28                              @ DW_OP_minus
	.byte	17                              @ DW_OP_consts
	.byte	127                             @ -1
	.byte	27                              @ DW_OP_div
	.byte	17                              @ DW_OP_consts
	.byte	1                               @ 1
	.byte	34                              @ DW_OP_plus
	.byte	159                             @ DW_OP_stack_value
	.long	.Ltmp29-.Lfunc_begin0
	.long	.Ltmp30-.Lfunc_begin0
	.short	9                               @ Loc expr size
	.byte	116                             @ DW_OP_breg4
	.byte	0                               @ 0
	.byte	116                             @ DW_OP_breg4
	.byte	0                               @ 0
	.byte	28                              @ DW_OP_minus
	.byte	17                              @ DW_OP_consts
	.byte	127                             @ -1
	.byte	27                              @ DW_OP_div
	.byte	159                             @ DW_OP_stack_value
	.long	0
	.long	0
.Ldebug_loc7:
	.long	.Ltmp30-.Lfunc_begin0
	.long	.Ltmp31-.Lfunc_begin0
	.short	1                               @ Loc expr size
	.byte	87                              @ DW_OP_reg7
	.long	0
	.long	0
	.section	.debug_abbrev,"",%progbits
	.byte	1                               @ Abbreviation Code
	.byte	17                              @ DW_TAG_compile_unit
	.byte	1                               @ DW_CHILDREN_yes
	.byte	37                              @ DW_AT_producer
	.byte	14                              @ DW_FORM_strp
	.byte	19                              @ DW_AT_language
	.byte	5                               @ DW_FORM_data2
	.byte	3                               @ DW_AT_name
	.byte	14                              @ DW_FORM_strp
	.byte	16                              @ DW_AT_stmt_list
	.byte	23                              @ DW_FORM_sec_offset
	.byte	27                              @ DW_AT_comp_dir
	.byte	14                              @ DW_FORM_strp
	.byte	17                              @ DW_AT_low_pc
	.byte	1                               @ DW_FORM_addr
	.byte	18                              @ DW_AT_high_pc
	.byte	6                               @ DW_FORM_data4
	.byte	0                               @ EOM(1)
	.byte	0                               @ EOM(2)
	.byte	2                               @ Abbreviation Code
	.byte	46                              @ DW_TAG_subprogram
	.byte	1                               @ DW_CHILDREN_yes
	.byte	17                              @ DW_AT_low_pc
	.byte	1                               @ DW_FORM_addr
	.byte	18                              @ DW_AT_high_pc
	.byte	6                               @ DW_FORM_data4
	.byte	64                              @ DW_AT_frame_base
	.byte	24                              @ DW_FORM_exprloc
	.ascii	"\227B"                         @ DW_AT_GNU_all_call_sites
	.byte	25                              @ DW_FORM_flag_present
	.byte	3                               @ DW_AT_name
	.byte	14                              @ DW_FORM_strp
	.byte	58                              @ DW_AT_decl_file
	.byte	11                              @ DW_FORM_data1
	.byte	59                              @ DW_AT_decl_line
	.byte	11                              @ DW_FORM_data1
	.byte	39                              @ DW_AT_prototyped
	.byte	25                              @ DW_FORM_flag_present
	.byte	73                              @ DW_AT_type
	.byte	19                              @ DW_FORM_ref4
	.byte	63                              @ DW_AT_external
	.byte	25                              @ DW_FORM_flag_present
	.byte	0                               @ EOM(1)
	.byte	0                               @ EOM(2)
	.byte	3                               @ Abbreviation Code
	.byte	52                              @ DW_TAG_variable
	.byte	0                               @ DW_CHILDREN_no
	.byte	3                               @ DW_AT_name
	.byte	14                              @ DW_FORM_strp
	.byte	73                              @ DW_AT_type
	.byte	19                              @ DW_FORM_ref4
	.byte	58                              @ DW_AT_decl_file
	.byte	11                              @ DW_FORM_data1
	.byte	59                              @ DW_AT_decl_line
	.byte	11                              @ DW_FORM_data1
	.byte	0                               @ EOM(1)
	.byte	0                               @ EOM(2)
	.byte	4                               @ Abbreviation Code
	.byte	52                              @ DW_TAG_variable
	.byte	0                               @ DW_CHILDREN_no
	.byte	3                               @ DW_AT_name
	.byte	14                              @ DW_FORM_strp
	.byte	73                              @ DW_AT_type
	.byte	19                              @ DW_FORM_ref4
	.byte	58                              @ DW_AT_decl_file
	.byte	11                              @ DW_FORM_data1
	.byte	59                              @ DW_AT_decl_line
	.byte	11                              @ DW_FORM_data1
	.byte	2                               @ DW_AT_location
	.byte	24                              @ DW_FORM_exprloc
	.byte	0                               @ EOM(1)
	.byte	0                               @ EOM(2)
	.byte	5                               @ Abbreviation Code
	.byte	5                               @ DW_TAG_formal_parameter
	.byte	0                               @ DW_CHILDREN_no
	.byte	2                               @ DW_AT_location
	.byte	23                              @ DW_FORM_sec_offset
	.byte	3                               @ DW_AT_name
	.byte	14                              @ DW_FORM_strp
	.byte	58                              @ DW_AT_decl_file
	.byte	11                              @ DW_FORM_data1
	.byte	59                              @ DW_AT_decl_line
	.byte	11                              @ DW_FORM_data1
	.byte	73                              @ DW_AT_type
	.byte	19                              @ DW_FORM_ref4
	.byte	0                               @ EOM(1)
	.byte	0                               @ EOM(2)
	.byte	6                               @ Abbreviation Code
	.byte	52                              @ DW_TAG_variable
	.byte	0                               @ DW_CHILDREN_no
	.byte	2                               @ DW_AT_location
	.byte	23                              @ DW_FORM_sec_offset
	.byte	3                               @ DW_AT_name
	.byte	14                              @ DW_FORM_strp
	.byte	58                              @ DW_AT_decl_file
	.byte	11                              @ DW_FORM_data1
	.byte	59                              @ DW_AT_decl_line
	.byte	11                              @ DW_FORM_data1
	.byte	73                              @ DW_AT_type
	.byte	19                              @ DW_FORM_ref4
	.byte	0                               @ EOM(1)
	.byte	0                               @ EOM(2)
	.byte	7                               @ Abbreviation Code
	.byte	52                              @ DW_TAG_variable
	.byte	0                               @ DW_CHILDREN_no
	.byte	3                               @ DW_AT_name
	.byte	14                              @ DW_FORM_strp
	.byte	58                              @ DW_AT_decl_file
	.byte	11                              @ DW_FORM_data1
	.byte	59                              @ DW_AT_decl_line
	.byte	11                              @ DW_FORM_data1
	.byte	73                              @ DW_AT_type
	.byte	19                              @ DW_FORM_ref4
	.byte	0                               @ EOM(1)
	.byte	0                               @ EOM(2)
	.byte	8                               @ Abbreviation Code
	.byte	10                              @ DW_TAG_label
	.byte	0                               @ DW_CHILDREN_no
	.byte	3                               @ DW_AT_name
	.byte	14                              @ DW_FORM_strp
	.byte	58                              @ DW_AT_decl_file
	.byte	11                              @ DW_FORM_data1
	.byte	59                              @ DW_AT_decl_line
	.byte	11                              @ DW_FORM_data1
	.byte	0                               @ EOM(1)
	.byte	0                               @ EOM(2)
	.byte	9                               @ Abbreviation Code
	.byte	29                              @ DW_TAG_inlined_subroutine
	.byte	1                               @ DW_CHILDREN_yes
	.byte	49                              @ DW_AT_abstract_origin
	.byte	19                              @ DW_FORM_ref4
	.byte	17                              @ DW_AT_low_pc
	.byte	1                               @ DW_FORM_addr
	.byte	18                              @ DW_AT_high_pc
	.byte	6                               @ DW_FORM_data4
	.byte	88                              @ DW_AT_call_file
	.byte	11                              @ DW_FORM_data1
	.byte	89                              @ DW_AT_call_line
	.byte	11                              @ DW_FORM_data1
	.byte	87                              @ DW_AT_call_column
	.byte	11                              @ DW_FORM_data1
	.byte	0                               @ EOM(1)
	.byte	0                               @ EOM(2)
	.byte	10                              @ Abbreviation Code
	.byte	52                              @ DW_TAG_variable
	.byte	0                               @ DW_CHILDREN_no
	.byte	2                               @ DW_AT_location
	.byte	24                              @ DW_FORM_exprloc
	.byte	49                              @ DW_AT_abstract_origin
	.byte	19                              @ DW_FORM_ref4
	.byte	0                               @ EOM(1)
	.byte	0                               @ EOM(2)
	.byte	11                              @ Abbreviation Code
	.byte	52                              @ DW_TAG_variable
	.byte	0                               @ DW_CHILDREN_no
	.byte	2                               @ DW_AT_location
	.byte	23                              @ DW_FORM_sec_offset
	.byte	49                              @ DW_AT_abstract_origin
	.byte	19                              @ DW_FORM_ref4
	.byte	0                               @ EOM(1)
	.byte	0                               @ EOM(2)
	.byte	12                              @ Abbreviation Code
	.byte	22                              @ DW_TAG_typedef
	.byte	0                               @ DW_CHILDREN_no
	.byte	73                              @ DW_AT_type
	.byte	19                              @ DW_FORM_ref4
	.byte	3                               @ DW_AT_name
	.byte	14                              @ DW_FORM_strp
	.byte	58                              @ DW_AT_decl_file
	.byte	11                              @ DW_FORM_data1
	.byte	59                              @ DW_AT_decl_line
	.byte	11                              @ DW_FORM_data1
	.byte	0                               @ EOM(1)
	.byte	0                               @ EOM(2)
	.byte	13                              @ Abbreviation Code
	.byte	36                              @ DW_TAG_base_type
	.byte	0                               @ DW_CHILDREN_no
	.byte	3                               @ DW_AT_name
	.byte	14                              @ DW_FORM_strp
	.byte	62                              @ DW_AT_encoding
	.byte	11                              @ DW_FORM_data1
	.byte	11                              @ DW_AT_byte_size
	.byte	11                              @ DW_FORM_data1
	.byte	0                               @ EOM(1)
	.byte	0                               @ EOM(2)
	.byte	14                              @ Abbreviation Code
	.byte	52                              @ DW_TAG_variable
	.byte	0                               @ DW_CHILDREN_no
	.byte	3                               @ DW_AT_name
	.byte	14                              @ DW_FORM_strp
	.byte	73                              @ DW_AT_type
	.byte	19                              @ DW_FORM_ref4
	.byte	63                              @ DW_AT_external
	.byte	25                              @ DW_FORM_flag_present
	.byte	58                              @ DW_AT_decl_file
	.byte	11                              @ DW_FORM_data1
	.byte	59                              @ DW_AT_decl_line
	.byte	11                              @ DW_FORM_data1
	.ascii	"\210\001"                      @ DW_AT_alignment
	.byte	15                              @ DW_FORM_udata
	.byte	2                               @ DW_AT_location
	.byte	24                              @ DW_FORM_exprloc
	.byte	0                               @ EOM(1)
	.byte	0                               @ EOM(2)
	.byte	15                              @ Abbreviation Code
	.byte	1                               @ DW_TAG_array_type
	.byte	1                               @ DW_CHILDREN_yes
	.byte	73                              @ DW_AT_type
	.byte	19                              @ DW_FORM_ref4
	.byte	0                               @ EOM(1)
	.byte	0                               @ EOM(2)
	.byte	16                              @ Abbreviation Code
	.byte	33                              @ DW_TAG_subrange_type
	.byte	0                               @ DW_CHILDREN_no
	.byte	73                              @ DW_AT_type
	.byte	19                              @ DW_FORM_ref4
	.byte	55                              @ DW_AT_count
	.byte	11                              @ DW_FORM_data1
	.byte	0                               @ EOM(1)
	.byte	0                               @ EOM(2)
	.byte	17                              @ Abbreviation Code
	.byte	36                              @ DW_TAG_base_type
	.byte	0                               @ DW_CHILDREN_no
	.byte	3                               @ DW_AT_name
	.byte	14                              @ DW_FORM_strp
	.byte	11                              @ DW_AT_byte_size
	.byte	11                              @ DW_FORM_data1
	.byte	62                              @ DW_AT_encoding
	.byte	11                              @ DW_FORM_data1
	.byte	0                               @ EOM(1)
	.byte	0                               @ EOM(2)
	.byte	18                              @ Abbreviation Code
	.byte	52                              @ DW_TAG_variable
	.byte	0                               @ DW_CHILDREN_no
	.byte	3                               @ DW_AT_name
	.byte	14                              @ DW_FORM_strp
	.byte	73                              @ DW_AT_type
	.byte	19                              @ DW_FORM_ref4
	.byte	63                              @ DW_AT_external
	.byte	25                              @ DW_FORM_flag_present
	.byte	58                              @ DW_AT_decl_file
	.byte	11                              @ DW_FORM_data1
	.byte	59                              @ DW_AT_decl_line
	.byte	11                              @ DW_FORM_data1
	.byte	2                               @ DW_AT_location
	.byte	24                              @ DW_FORM_exprloc
	.byte	0                               @ EOM(1)
	.byte	0                               @ EOM(2)
	.byte	19                              @ Abbreviation Code
	.byte	15                              @ DW_TAG_pointer_type
	.byte	0                               @ DW_CHILDREN_no
	.byte	73                              @ DW_AT_type
	.byte	19                              @ DW_FORM_ref4
	.byte	0                               @ EOM(1)
	.byte	0                               @ EOM(2)
	.byte	20                              @ Abbreviation Code
	.byte	53                              @ DW_TAG_volatile_type
	.byte	0                               @ DW_CHILDREN_no
	.byte	73                              @ DW_AT_type
	.byte	19                              @ DW_FORM_ref4
	.byte	0                               @ EOM(1)
	.byte	0                               @ EOM(2)
	.byte	21                              @ Abbreviation Code
	.byte	22                              @ DW_TAG_typedef
	.byte	0                               @ DW_CHILDREN_no
	.byte	73                              @ DW_AT_type
	.byte	19                              @ DW_FORM_ref4
	.byte	3                               @ DW_AT_name
	.byte	14                              @ DW_FORM_strp
	.byte	58                              @ DW_AT_decl_file
	.byte	11                              @ DW_FORM_data1
	.byte	59                              @ DW_AT_decl_line
	.byte	5                               @ DW_FORM_data2
	.byte	0                               @ EOM(1)
	.byte	0                               @ EOM(2)
	.byte	22                              @ Abbreviation Code
	.byte	19                              @ DW_TAG_structure_type
	.byte	1                               @ DW_CHILDREN_yes
	.byte	11                              @ DW_AT_byte_size
	.byte	5                               @ DW_FORM_data2
	.byte	58                              @ DW_AT_decl_file
	.byte	11                              @ DW_FORM_data1
	.byte	59                              @ DW_AT_decl_line
	.byte	11                              @ DW_FORM_data1
	.byte	0                               @ EOM(1)
	.byte	0                               @ EOM(2)
	.byte	23                              @ Abbreviation Code
	.byte	13                              @ DW_TAG_member
	.byte	0                               @ DW_CHILDREN_no
	.byte	3                               @ DW_AT_name
	.byte	14                              @ DW_FORM_strp
	.byte	73                              @ DW_AT_type
	.byte	19                              @ DW_FORM_ref4
	.byte	58                              @ DW_AT_decl_file
	.byte	11                              @ DW_FORM_data1
	.byte	59                              @ DW_AT_decl_line
	.byte	5                               @ DW_FORM_data2
	.byte	56                              @ DW_AT_data_member_location
	.byte	11                              @ DW_FORM_data1
	.byte	0                               @ EOM(1)
	.byte	0                               @ EOM(2)
	.byte	24                              @ Abbreviation Code
	.byte	13                              @ DW_TAG_member
	.byte	0                               @ DW_CHILDREN_no
	.byte	3                               @ DW_AT_name
	.byte	14                              @ DW_FORM_strp
	.byte	73                              @ DW_AT_type
	.byte	19                              @ DW_FORM_ref4
	.byte	58                              @ DW_AT_decl_file
	.byte	11                              @ DW_FORM_data1
	.byte	59                              @ DW_AT_decl_line
	.byte	5                               @ DW_FORM_data2
	.byte	56                              @ DW_AT_data_member_location
	.byte	5                               @ DW_FORM_data2
	.byte	0                               @ EOM(1)
	.byte	0                               @ EOM(2)
	.byte	25                              @ Abbreviation Code
	.byte	38                              @ DW_TAG_const_type
	.byte	0                               @ DW_CHILDREN_no
	.byte	73                              @ DW_AT_type
	.byte	19                              @ DW_FORM_ref4
	.byte	0                               @ EOM(1)
	.byte	0                               @ EOM(2)
	.byte	26                              @ Abbreviation Code
	.byte	19                              @ DW_TAG_structure_type
	.byte	1                               @ DW_CHILDREN_yes
	.byte	11                              @ DW_AT_byte_size
	.byte	11                              @ DW_FORM_data1
	.byte	58                              @ DW_AT_decl_file
	.byte	11                              @ DW_FORM_data1
	.byte	59                              @ DW_AT_decl_line
	.byte	11                              @ DW_FORM_data1
	.byte	0                               @ EOM(1)
	.byte	0                               @ EOM(2)
	.byte	27                              @ Abbreviation Code
	.byte	46                              @ DW_TAG_subprogram
	.byte	1                               @ DW_CHILDREN_yes
	.byte	3                               @ DW_AT_name
	.byte	14                              @ DW_FORM_strp
	.byte	58                              @ DW_AT_decl_file
	.byte	11                              @ DW_FORM_data1
	.byte	59                              @ DW_AT_decl_line
	.byte	11                              @ DW_FORM_data1
	.byte	39                              @ DW_AT_prototyped
	.byte	25                              @ DW_FORM_flag_present
	.byte	73                              @ DW_AT_type
	.byte	19                              @ DW_FORM_ref4
	.byte	32                              @ DW_AT_inline
	.byte	11                              @ DW_FORM_data1
	.byte	0                               @ EOM(1)
	.byte	0                               @ EOM(2)
	.byte	28                              @ Abbreviation Code
	.byte	5                               @ DW_TAG_formal_parameter
	.byte	0                               @ DW_CHILDREN_no
	.byte	3                               @ DW_AT_name
	.byte	14                              @ DW_FORM_strp
	.byte	58                              @ DW_AT_decl_file
	.byte	11                              @ DW_FORM_data1
	.byte	59                              @ DW_AT_decl_line
	.byte	11                              @ DW_FORM_data1
	.byte	73                              @ DW_AT_type
	.byte	19                              @ DW_FORM_ref4
	.byte	0                               @ EOM(1)
	.byte	0                               @ EOM(2)
	.byte	0                               @ EOM(3)
	.section	.debug_info,"",%progbits
.Lcu_begin0:
	.long	.Ldebug_info_end0-.Ldebug_info_start0 @ Length of Unit
.Ldebug_info_start0:
	.short	4                               @ DWARF version number
	.long	.debug_abbrev                   @ Offset Into Abbrev. Section
	.byte	4                               @ Address Size (in bytes)
	.byte	1                               @ Abbrev [1] 0xb:0x6dd DW_TAG_compile_unit
	.long	.Linfo_string0                  @ DW_AT_producer
	.short	1                               @ DW_AT_language
	.long	.Linfo_string1                  @ DW_AT_name
	.long	.Lline_table_start0             @ DW_AT_stmt_list
	.long	.Linfo_string2                  @ DW_AT_comp_dir
	.long	.Lfunc_begin0                   @ DW_AT_low_pc
	.long	.Lfunc_end0-.Lfunc_begin0       @ DW_AT_high_pc
	.byte	2                               @ Abbrev [2] 0x26:0x11b DW_TAG_subprogram
	.long	.Lfunc_begin0                   @ DW_AT_low_pc
	.long	.Lfunc_end0-.Lfunc_begin0       @ DW_AT_high_pc
	.byte	1                               @ DW_AT_frame_base
	.byte	93
                                        @ DW_AT_GNU_all_call_sites
	.long	.Linfo_string100                @ DW_AT_name
	.byte	2                               @ DW_AT_decl_file
	.byte	54                              @ DW_AT_decl_line
                                        @ DW_AT_prototyped
	.long	1755                            @ DW_AT_type
                                        @ DW_AT_external
	.byte	3                               @ Abbrev [3] 0x3b:0xb DW_TAG_variable
	.long	.Linfo_string3                  @ DW_AT_name
	.long	321                             @ DW_AT_type
	.byte	2                               @ DW_AT_decl_file
	.byte	56                              @ DW_AT_decl_line
	.byte	3                               @ Abbrev [3] 0x46:0xb DW_TAG_variable
	.long	.Linfo_string6                  @ DW_AT_name
	.long	321                             @ DW_AT_type
	.byte	2                               @ DW_AT_decl_file
	.byte	56                              @ DW_AT_decl_line
	.byte	3                               @ Abbrev [3] 0x51:0xb DW_TAG_variable
	.long	.Linfo_string7                  @ DW_AT_name
	.long	321                             @ DW_AT_type
	.byte	2                               @ DW_AT_decl_file
	.byte	56                              @ DW_AT_decl_line
	.byte	3                               @ Abbrev [3] 0x5c:0xb DW_TAG_variable
	.long	.Linfo_string8                  @ DW_AT_name
	.long	321                             @ DW_AT_type
	.byte	2                               @ DW_AT_decl_file
	.byte	56                              @ DW_AT_decl_line
	.byte	3                               @ Abbrev [3] 0x67:0xb DW_TAG_variable
	.long	.Linfo_string9                  @ DW_AT_name
	.long	321                             @ DW_AT_type
	.byte	2                               @ DW_AT_decl_file
	.byte	56                              @ DW_AT_decl_line
	.byte	4                               @ Abbrev [4] 0x72:0x11 DW_TAG_variable
	.long	.Linfo_string10                 @ DW_AT_name
	.long	321                             @ DW_AT_type
	.byte	2                               @ DW_AT_decl_file
	.byte	56                              @ DW_AT_decl_line
	.byte	5                               @ DW_AT_location
	.byte	3
	.long	ParseCmd.g_packno
	.byte	3                               @ Abbrev [3] 0x83:0xb DW_TAG_variable
	.long	.Linfo_string11                 @ DW_AT_name
	.long	321                             @ DW_AT_type
	.byte	2                               @ DW_AT_decl_file
	.byte	61                              @ DW_AT_decl_line
	.byte	5                               @ Abbrev [5] 0x8e:0xf DW_TAG_formal_parameter
	.long	.Ldebug_loc0                    @ DW_AT_location
	.long	.Linfo_string101                @ DW_AT_name
	.byte	2                               @ DW_AT_decl_file
	.byte	54                              @ DW_AT_decl_line
	.long	1750                            @ DW_AT_type
	.byte	5                               @ Abbrev [5] 0x9d:0xf DW_TAG_formal_parameter
	.long	.Ldebug_loc1                    @ DW_AT_location
	.long	.Linfo_string96                 @ DW_AT_name
	.byte	2                               @ DW_AT_decl_file
	.byte	54                              @ DW_AT_decl_line
	.long	369                             @ DW_AT_type
	.byte	6                               @ Abbrev [6] 0xac:0xf DW_TAG_variable
	.long	.Ldebug_loc2                    @ DW_AT_location
	.long	.Linfo_string102                @ DW_AT_name
	.byte	2                               @ DW_AT_decl_file
	.byte	59                              @ DW_AT_decl_line
	.long	321                             @ DW_AT_type
	.byte	6                               @ Abbrev [6] 0xbb:0xf DW_TAG_variable
	.long	.Ldebug_loc3                    @ DW_AT_location
	.long	.Linfo_string103                @ DW_AT_name
	.byte	2                               @ DW_AT_decl_file
	.byte	60                              @ DW_AT_decl_line
	.long	1750                            @ DW_AT_type
	.byte	6                               @ Abbrev [6] 0xca:0xf DW_TAG_variable
	.long	.Ldebug_loc4                    @ DW_AT_location
	.long	.Linfo_string104                @ DW_AT_name
	.byte	2                               @ DW_AT_decl_file
	.byte	59                              @ DW_AT_decl_line
	.long	321                             @ DW_AT_type
	.byte	6                               @ Abbrev [6] 0xd9:0xf DW_TAG_variable
	.long	.Ldebug_loc5                    @ DW_AT_location
	.long	.Linfo_string105                @ DW_AT_name
	.byte	2                               @ DW_AT_decl_file
	.byte	57                              @ DW_AT_decl_line
	.long	1762                            @ DW_AT_type
	.byte	6                               @ Abbrev [6] 0xe8:0xf DW_TAG_variable
	.long	.Ldebug_loc7                    @ DW_AT_location
	.long	.Linfo_string106                @ DW_AT_name
	.byte	2                               @ DW_AT_decl_file
	.byte	58                              @ DW_AT_decl_line
	.long	1739                            @ DW_AT_type
	.byte	7                               @ Abbrev [7] 0xf7:0xb DW_TAG_variable
	.long	.Linfo_string99                 @ DW_AT_name
	.byte	2                               @ DW_AT_decl_file
	.byte	59                              @ DW_AT_decl_line
	.long	321                             @ DW_AT_type
	.byte	7                               @ Abbrev [7] 0x102:0xb DW_TAG_variable
	.long	.Linfo_string107                @ DW_AT_name
	.byte	2                               @ DW_AT_decl_file
	.byte	59                              @ DW_AT_decl_line
	.long	321                             @ DW_AT_type
	.byte	7                               @ Abbrev [7] 0x10d:0xb DW_TAG_variable
	.long	.Linfo_string108                @ DW_AT_name
	.byte	2                               @ DW_AT_decl_file
	.byte	59                              @ DW_AT_decl_line
	.long	321                             @ DW_AT_type
	.byte	8                               @ Abbrev [8] 0x118:0x7 DW_TAG_label
	.long	.Linfo_string109                @ DW_AT_name
	.byte	2                               @ DW_AT_decl_file
	.byte	105                             @ DW_AT_decl_line
	.byte	9                               @ Abbrev [9] 0x11f:0x21 DW_TAG_inlined_subroutine
	.long	1682                            @ DW_AT_abstract_origin
	.long	.Ltmp26                         @ DW_AT_low_pc
	.long	.Ltmp30-.Ltmp26                 @ DW_AT_high_pc
	.byte	2                               @ DW_AT_call_file
	.byte	106                             @ DW_AT_call_line
	.byte	14                              @ DW_AT_call_column
	.byte	10                              @ Abbrev [10] 0x12f:0x7 DW_TAG_variable
	.byte	1                               @ DW_AT_location
	.byte	87
	.long	1716                            @ DW_AT_abstract_origin
	.byte	11                              @ Abbrev [11] 0x136:0x9 DW_TAG_variable
	.long	.Ldebug_loc6                    @ DW_AT_location
	.long	1727                            @ DW_AT_abstract_origin
	.byte	0                               @ End Of Children Mark
	.byte	0                               @ End Of Children Mark
	.byte	12                              @ Abbrev [12] 0x141:0xb DW_TAG_typedef
	.long	332                             @ DW_AT_type
	.long	.Linfo_string5                  @ DW_AT_name
	.byte	1                               @ DW_AT_decl_file
	.byte	64                              @ DW_AT_decl_line
	.byte	13                              @ Abbrev [13] 0x14c:0x7 DW_TAG_base_type
	.long	.Linfo_string4                  @ DW_AT_name
	.byte	7                               @ DW_AT_encoding
	.byte	4                               @ DW_AT_byte_size
	.byte	14                              @ Abbrev [14] 0x153:0x12 DW_TAG_variable
	.long	.Linfo_string12                 @ DW_AT_name
	.long	357                             @ DW_AT_type
                                        @ DW_AT_external
	.byte	2                               @ DW_AT_decl_file
	.byte	14                              @ DW_AT_decl_line
	.byte	4                               @ DW_AT_alignment
	.byte	5                               @ DW_AT_location
	.byte	3
	.long	response_buff
	.byte	15                              @ Abbrev [15] 0x165:0xc DW_TAG_array_type
	.long	369                             @ DW_AT_type
	.byte	16                              @ Abbrev [16] 0x16a:0x6 DW_TAG_subrange_type
	.long	387                             @ DW_AT_type
	.byte	64                              @ DW_AT_count
	.byte	0                               @ End Of Children Mark
	.byte	12                              @ Abbrev [12] 0x171:0xb DW_TAG_typedef
	.long	380                             @ DW_AT_type
	.long	.Linfo_string14                 @ DW_AT_name
	.byte	1                               @ DW_AT_decl_file
	.byte	62                              @ DW_AT_decl_line
	.byte	13                              @ Abbrev [13] 0x17c:0x7 DW_TAG_base_type
	.long	.Linfo_string13                 @ DW_AT_name
	.byte	8                               @ DW_AT_encoding
	.byte	1                               @ DW_AT_byte_size
	.byte	17                              @ Abbrev [17] 0x183:0x7 DW_TAG_base_type
	.long	.Linfo_string15                 @ DW_AT_name
	.byte	8                               @ DW_AT_byte_size
	.byte	7                               @ DW_AT_encoding
	.byte	18                              @ Abbrev [18] 0x18a:0x11 DW_TAG_variable
	.long	.Linfo_string16                 @ DW_AT_name
	.long	321                             @ DW_AT_type
                                        @ DW_AT_external
	.byte	2                               @ DW_AT_decl_file
	.byte	16                              @ DW_AT_decl_line
	.byte	5                               @ DW_AT_location
	.byte	3
	.long	bUpdateApromCmd
	.byte	18                              @ Abbrev [18] 0x19b:0x11 DW_TAG_variable
	.long	.Linfo_string17                 @ DW_AT_name
	.long	321                             @ DW_AT_type
                                        @ DW_AT_external
	.byte	2                               @ DW_AT_decl_file
	.byte	17                              @ DW_AT_decl_line
	.byte	5                               @ DW_AT_location
	.byte	3
	.long	g_apromSize
	.byte	18                              @ Abbrev [18] 0x1ac:0x11 DW_TAG_variable
	.long	.Linfo_string18                 @ DW_AT_name
	.long	321                             @ DW_AT_type
                                        @ DW_AT_external
	.byte	2                               @ DW_AT_decl_file
	.byte	17                              @ DW_AT_decl_line
	.byte	5                               @ DW_AT_location
	.byte	3
	.long	g_dataFlashAddr
	.byte	18                              @ Abbrev [18] 0x1bd:0x11 DW_TAG_variable
	.long	.Linfo_string19                 @ DW_AT_name
	.long	321                             @ DW_AT_type
                                        @ DW_AT_external
	.byte	2                               @ DW_AT_decl_file
	.byte	17                              @ DW_AT_decl_line
	.byte	5                               @ DW_AT_location
	.byte	3
	.long	g_dataFlashSize
	.byte	19                              @ Abbrev [19] 0x1ce:0x5 DW_TAG_pointer_type
	.long	467                             @ DW_AT_type
	.byte	20                              @ Abbrev [20] 0x1d3:0x5 DW_TAG_volatile_type
	.long	332                             @ DW_AT_type
	.byte	19                              @ Abbrev [19] 0x1d8:0x5 DW_TAG_pointer_type
	.long	321                             @ DW_AT_type
	.byte	19                              @ Abbrev [19] 0x1dd:0x5 DW_TAG_pointer_type
	.long	482                             @ DW_AT_type
	.byte	21                              @ Abbrev [21] 0x1e2:0xc DW_TAG_typedef
	.long	494                             @ DW_AT_type
	.long	.Linfo_string73                 @ DW_AT_name
	.byte	3                               @ DW_AT_decl_file
	.short	1544                            @ DW_AT_decl_line
	.byte	22                              @ Abbrev [22] 0x1ee:0x2c3 DW_TAG_structure_type
	.short	512                             @ DW_AT_byte_size
	.byte	3                               @ DW_AT_decl_file
	.byte	28                              @ DW_AT_decl_line
	.byte	23                              @ Abbrev [23] 0x1f3:0xd DW_TAG_member
	.long	.Linfo_string20                 @ DW_AT_name
	.long	1201                            @ DW_AT_type
	.byte	3                               @ DW_AT_decl_file
	.short	1469                            @ DW_AT_decl_line
	.byte	0                               @ DW_AT_data_member_location
	.byte	23                              @ Abbrev [23] 0x200:0xd DW_TAG_member
	.long	.Linfo_string21                 @ DW_AT_name
	.long	1206                            @ DW_AT_type
	.byte	3                               @ DW_AT_decl_file
	.short	1470                            @ DW_AT_decl_line
	.byte	4                               @ DW_AT_data_member_location
	.byte	23                              @ Abbrev [23] 0x20d:0xd DW_TAG_member
	.long	.Linfo_string22                 @ DW_AT_name
	.long	1206                            @ DW_AT_type
	.byte	3                               @ DW_AT_decl_file
	.short	1471                            @ DW_AT_decl_line
	.byte	8                               @ DW_AT_data_member_location
	.byte	23                              @ Abbrev [23] 0x21a:0xd DW_TAG_member
	.long	.Linfo_string23                 @ DW_AT_name
	.long	1206                            @ DW_AT_type
	.byte	3                               @ DW_AT_decl_file
	.short	1472                            @ DW_AT_decl_line
	.byte	12                              @ DW_AT_data_member_location
	.byte	23                              @ Abbrev [23] 0x227:0xd DW_TAG_member
	.long	.Linfo_string24                 @ DW_AT_name
	.long	1206                            @ DW_AT_type
	.byte	3                               @ DW_AT_decl_file
	.short	1473                            @ DW_AT_decl_line
	.byte	16                              @ DW_AT_data_member_location
	.byte	23                              @ Abbrev [23] 0x234:0xd DW_TAG_member
	.long	.Linfo_string25                 @ DW_AT_name
	.long	1211                            @ DW_AT_type
	.byte	3                               @ DW_AT_decl_file
	.short	1475                            @ DW_AT_decl_line
	.byte	20                              @ DW_AT_data_member_location
	.byte	23                              @ Abbrev [23] 0x241:0xd DW_TAG_member
	.long	.Linfo_string26                 @ DW_AT_name
	.long	1206                            @ DW_AT_type
	.byte	3                               @ DW_AT_decl_file
	.short	1477                            @ DW_AT_decl_line
	.byte	24                              @ DW_AT_data_member_location
	.byte	23                              @ Abbrev [23] 0x24e:0xd DW_TAG_member
	.long	.Linfo_string27                 @ DW_AT_name
	.long	1206                            @ DW_AT_type
	.byte	3                               @ DW_AT_decl_file
	.short	1478                            @ DW_AT_decl_line
	.byte	28                              @ DW_AT_data_member_location
	.byte	23                              @ Abbrev [23] 0x25b:0xd DW_TAG_member
	.long	.Linfo_string28                 @ DW_AT_name
	.long	1211                            @ DW_AT_type
	.byte	3                               @ DW_AT_decl_file
	.short	1480                            @ DW_AT_decl_line
	.byte	32                              @ DW_AT_data_member_location
	.byte	23                              @ Abbrev [23] 0x268:0xd DW_TAG_member
	.long	.Linfo_string29                 @ DW_AT_name
	.long	1206                            @ DW_AT_type
	.byte	3                               @ DW_AT_decl_file
	.short	1482                            @ DW_AT_decl_line
	.byte	36                              @ DW_AT_data_member_location
	.byte	23                              @ Abbrev [23] 0x275:0xd DW_TAG_member
	.long	.Linfo_string30                 @ DW_AT_name
	.long	1206                            @ DW_AT_type
	.byte	3                               @ DW_AT_decl_file
	.short	1483                            @ DW_AT_decl_line
	.byte	40                              @ DW_AT_data_member_location
	.byte	23                              @ Abbrev [23] 0x282:0xd DW_TAG_member
	.long	.Linfo_string31                 @ DW_AT_name
	.long	1211                            @ DW_AT_type
	.byte	3                               @ DW_AT_decl_file
	.short	1485                            @ DW_AT_decl_line
	.byte	44                              @ DW_AT_data_member_location
	.byte	23                              @ Abbrev [23] 0x28f:0xd DW_TAG_member
	.long	.Linfo_string32                 @ DW_AT_name
	.long	1206                            @ DW_AT_type
	.byte	3                               @ DW_AT_decl_file
	.short	1487                            @ DW_AT_decl_line
	.byte	48                              @ DW_AT_data_member_location
	.byte	23                              @ Abbrev [23] 0x29c:0xd DW_TAG_member
	.long	.Linfo_string33                 @ DW_AT_name
	.long	1206                            @ DW_AT_type
	.byte	3                               @ DW_AT_decl_file
	.short	1488                            @ DW_AT_decl_line
	.byte	52                              @ DW_AT_data_member_location
	.byte	23                              @ Abbrev [23] 0x2a9:0xd DW_TAG_member
	.long	.Linfo_string34                 @ DW_AT_name
	.long	1206                            @ DW_AT_type
	.byte	3                               @ DW_AT_decl_file
	.short	1489                            @ DW_AT_decl_line
	.byte	56                              @ DW_AT_data_member_location
	.byte	23                              @ Abbrev [23] 0x2b6:0xd DW_TAG_member
	.long	.Linfo_string35                 @ DW_AT_name
	.long	1206                            @ DW_AT_type
	.byte	3                               @ DW_AT_decl_file
	.short	1490                            @ DW_AT_decl_line
	.byte	60                              @ DW_AT_data_member_location
	.byte	23                              @ Abbrev [23] 0x2c3:0xd DW_TAG_member
	.long	.Linfo_string36                 @ DW_AT_name
	.long	1206                            @ DW_AT_type
	.byte	3                               @ DW_AT_decl_file
	.short	1491                            @ DW_AT_decl_line
	.byte	64                              @ DW_AT_data_member_location
	.byte	23                              @ Abbrev [23] 0x2d0:0xd DW_TAG_member
	.long	.Linfo_string37                 @ DW_AT_name
	.long	1206                            @ DW_AT_type
	.byte	3                               @ DW_AT_decl_file
	.short	1492                            @ DW_AT_decl_line
	.byte	68                              @ DW_AT_data_member_location
	.byte	23                              @ Abbrev [23] 0x2dd:0xd DW_TAG_member
	.long	.Linfo_string38                 @ DW_AT_name
	.long	1206                            @ DW_AT_type
	.byte	3                               @ DW_AT_decl_file
	.short	1493                            @ DW_AT_decl_line
	.byte	72                              @ DW_AT_data_member_location
	.byte	23                              @ Abbrev [23] 0x2ea:0xd DW_TAG_member
	.long	.Linfo_string39                 @ DW_AT_name
	.long	1206                            @ DW_AT_type
	.byte	3                               @ DW_AT_decl_file
	.short	1494                            @ DW_AT_decl_line
	.byte	76                              @ DW_AT_data_member_location
	.byte	23                              @ Abbrev [23] 0x2f7:0xd DW_TAG_member
	.long	.Linfo_string40                 @ DW_AT_name
	.long	1206                            @ DW_AT_type
	.byte	3                               @ DW_AT_decl_file
	.short	1495                            @ DW_AT_decl_line
	.byte	80                              @ DW_AT_data_member_location
	.byte	23                              @ Abbrev [23] 0x304:0xd DW_TAG_member
	.long	.Linfo_string41                 @ DW_AT_name
	.long	1206                            @ DW_AT_type
	.byte	3                               @ DW_AT_decl_file
	.short	1496                            @ DW_AT_decl_line
	.byte	84                              @ DW_AT_data_member_location
	.byte	23                              @ Abbrev [23] 0x311:0xd DW_TAG_member
	.long	.Linfo_string42                 @ DW_AT_name
	.long	1206                            @ DW_AT_type
	.byte	3                               @ DW_AT_decl_file
	.short	1497                            @ DW_AT_decl_line
	.byte	88                              @ DW_AT_data_member_location
	.byte	23                              @ Abbrev [23] 0x31e:0xd DW_TAG_member
	.long	.Linfo_string43                 @ DW_AT_name
	.long	1206                            @ DW_AT_type
	.byte	3                               @ DW_AT_decl_file
	.short	1498                            @ DW_AT_decl_line
	.byte	92                              @ DW_AT_data_member_location
	.byte	23                              @ Abbrev [23] 0x32b:0xd DW_TAG_member
	.long	.Linfo_string44                 @ DW_AT_name
	.long	1223                            @ DW_AT_type
	.byte	3                               @ DW_AT_decl_file
	.short	1500                            @ DW_AT_decl_line
	.byte	96                              @ DW_AT_data_member_location
	.byte	23                              @ Abbrev [23] 0x338:0xd DW_TAG_member
	.long	.Linfo_string45                 @ DW_AT_name
	.long	1206                            @ DW_AT_type
	.byte	3                               @ DW_AT_decl_file
	.short	1502                            @ DW_AT_decl_line
	.byte	128                             @ DW_AT_data_member_location
	.byte	23                              @ Abbrev [23] 0x345:0xd DW_TAG_member
	.long	.Linfo_string46                 @ DW_AT_name
	.long	1206                            @ DW_AT_type
	.byte	3                               @ DW_AT_decl_file
	.short	1503                            @ DW_AT_decl_line
	.byte	132                             @ DW_AT_data_member_location
	.byte	23                              @ Abbrev [23] 0x352:0xd DW_TAG_member
	.long	.Linfo_string47                 @ DW_AT_name
	.long	1206                            @ DW_AT_type
	.byte	3                               @ DW_AT_decl_file
	.short	1504                            @ DW_AT_decl_line
	.byte	136                             @ DW_AT_data_member_location
	.byte	23                              @ Abbrev [23] 0x35f:0xd DW_TAG_member
	.long	.Linfo_string48                 @ DW_AT_name
	.long	1206                            @ DW_AT_type
	.byte	3                               @ DW_AT_decl_file
	.short	1505                            @ DW_AT_decl_line
	.byte	140                             @ DW_AT_data_member_location
	.byte	23                              @ Abbrev [23] 0x36c:0xd DW_TAG_member
	.long	.Linfo_string49                 @ DW_AT_name
	.long	1206                            @ DW_AT_type
	.byte	3                               @ DW_AT_decl_file
	.short	1506                            @ DW_AT_decl_line
	.byte	144                             @ DW_AT_data_member_location
	.byte	23                              @ Abbrev [23] 0x379:0xd DW_TAG_member
	.long	.Linfo_string50                 @ DW_AT_name
	.long	1206                            @ DW_AT_type
	.byte	3                               @ DW_AT_decl_file
	.short	1507                            @ DW_AT_decl_line
	.byte	148                             @ DW_AT_data_member_location
	.byte	23                              @ Abbrev [23] 0x386:0xd DW_TAG_member
	.long	.Linfo_string51                 @ DW_AT_name
	.long	1235                            @ DW_AT_type
	.byte	3                               @ DW_AT_decl_file
	.short	1509                            @ DW_AT_decl_line
	.byte	152                             @ DW_AT_data_member_location
	.byte	23                              @ Abbrev [23] 0x393:0xd DW_TAG_member
	.long	.Linfo_string52                 @ DW_AT_name
	.long	1206                            @ DW_AT_type
	.byte	3                               @ DW_AT_decl_file
	.short	1511                            @ DW_AT_decl_line
	.byte	192                             @ DW_AT_data_member_location
	.byte	23                              @ Abbrev [23] 0x3a0:0xd DW_TAG_member
	.long	.Linfo_string53                 @ DW_AT_name
	.long	1247                            @ DW_AT_type
	.byte	3                               @ DW_AT_decl_file
	.short	1513                            @ DW_AT_decl_line
	.byte	196                             @ DW_AT_data_member_location
	.byte	23                              @ Abbrev [23] 0x3ad:0xd DW_TAG_member
	.long	.Linfo_string54                 @ DW_AT_name
	.long	1206                            @ DW_AT_type
	.byte	3                               @ DW_AT_decl_file
	.short	1515                            @ DW_AT_decl_line
	.byte	208                             @ DW_AT_data_member_location
	.byte	23                              @ Abbrev [23] 0x3ba:0xd DW_TAG_member
	.long	.Linfo_string55                 @ DW_AT_name
	.long	1201                            @ DW_AT_type
	.byte	3                               @ DW_AT_decl_file
	.short	1516                            @ DW_AT_decl_line
	.byte	212                             @ DW_AT_data_member_location
	.byte	23                              @ Abbrev [23] 0x3c7:0xd DW_TAG_member
	.long	.Linfo_string56                 @ DW_AT_name
	.long	1259                            @ DW_AT_type
	.byte	3                               @ DW_AT_decl_file
	.short	1518                            @ DW_AT_decl_line
	.byte	216                             @ DW_AT_data_member_location
	.byte	23                              @ Abbrev [23] 0x3d4:0xd DW_TAG_member
	.long	.Linfo_string57                 @ DW_AT_name
	.long	1206                            @ DW_AT_type
	.byte	3                               @ DW_AT_decl_file
	.short	1520                            @ DW_AT_decl_line
	.byte	240                             @ DW_AT_data_member_location
	.byte	23                              @ Abbrev [23] 0x3e1:0xd DW_TAG_member
	.long	.Linfo_string58                 @ DW_AT_name
	.long	1206                            @ DW_AT_type
	.byte	3                               @ DW_AT_decl_file
	.short	1521                            @ DW_AT_decl_line
	.byte	244                             @ DW_AT_data_member_location
	.byte	23                              @ Abbrev [23] 0x3ee:0xd DW_TAG_member
	.long	.Linfo_string59                 @ DW_AT_name
	.long	1206                            @ DW_AT_type
	.byte	3                               @ DW_AT_decl_file
	.short	1522                            @ DW_AT_decl_line
	.byte	248                             @ DW_AT_data_member_location
	.byte	23                              @ Abbrev [23] 0x3fb:0xd DW_TAG_member
	.long	.Linfo_string60                 @ DW_AT_name
	.long	1211                            @ DW_AT_type
	.byte	3                               @ DW_AT_decl_file
	.short	1524                            @ DW_AT_decl_line
	.byte	252                             @ DW_AT_data_member_location
	.byte	24                              @ Abbrev [24] 0x408:0xe DW_TAG_member
	.long	.Linfo_string61                 @ DW_AT_name
	.long	1206                            @ DW_AT_type
	.byte	3                               @ DW_AT_decl_file
	.short	1526                            @ DW_AT_decl_line
	.short	256                             @ DW_AT_data_member_location
	.byte	24                              @ Abbrev [24] 0x416:0xe DW_TAG_member
	.long	.Linfo_string62                 @ DW_AT_name
	.long	1206                            @ DW_AT_type
	.byte	3                               @ DW_AT_decl_file
	.short	1527                            @ DW_AT_decl_line
	.short	260                             @ DW_AT_data_member_location
	.byte	24                              @ Abbrev [24] 0x424:0xe DW_TAG_member
	.long	.Linfo_string63                 @ DW_AT_name
	.long	1206                            @ DW_AT_type
	.byte	3                               @ DW_AT_decl_file
	.short	1528                            @ DW_AT_decl_line
	.short	264                             @ DW_AT_data_member_location
	.byte	24                              @ Abbrev [24] 0x432:0xe DW_TAG_member
	.long	.Linfo_string64                 @ DW_AT_name
	.long	1206                            @ DW_AT_type
	.byte	3                               @ DW_AT_decl_file
	.short	1529                            @ DW_AT_decl_line
	.short	268                             @ DW_AT_data_member_location
	.byte	24                              @ Abbrev [24] 0x440:0xe DW_TAG_member
	.long	.Linfo_string65                 @ DW_AT_name
	.long	1271                            @ DW_AT_type
	.byte	3                               @ DW_AT_decl_file
	.short	1531                            @ DW_AT_decl_line
	.short	272                             @ DW_AT_data_member_location
	.byte	24                              @ Abbrev [24] 0x44e:0xe DW_TAG_member
	.long	.Linfo_string66                 @ DW_AT_name
	.long	1206                            @ DW_AT_type
	.byte	3                               @ DW_AT_decl_file
	.short	1533                            @ DW_AT_decl_line
	.short	324                             @ DW_AT_data_member_location
	.byte	24                              @ Abbrev [24] 0x45c:0xe DW_TAG_member
	.long	.Linfo_string67                 @ DW_AT_name
	.long	1206                            @ DW_AT_type
	.byte	3                               @ DW_AT_decl_file
	.short	1534                            @ DW_AT_decl_line
	.short	328                             @ DW_AT_data_member_location
	.byte	24                              @ Abbrev [24] 0x46a:0xe DW_TAG_member
	.long	.Linfo_string68                 @ DW_AT_name
	.long	1283                            @ DW_AT_type
	.byte	3                               @ DW_AT_decl_file
	.short	1536                            @ DW_AT_decl_line
	.short	332                             @ DW_AT_data_member_location
	.byte	24                              @ Abbrev [24] 0x478:0xe DW_TAG_member
	.long	.Linfo_string69                 @ DW_AT_name
	.long	1206                            @ DW_AT_type
	.byte	3                               @ DW_AT_decl_file
	.short	1538                            @ DW_AT_decl_line
	.short	492                             @ DW_AT_data_member_location
	.byte	24                              @ Abbrev [24] 0x486:0xe DW_TAG_member
	.long	.Linfo_string70                 @ DW_AT_name
	.long	1295                            @ DW_AT_type
	.byte	3                               @ DW_AT_decl_file
	.short	1540                            @ DW_AT_decl_line
	.short	496                             @ DW_AT_data_member_location
	.byte	24                              @ Abbrev [24] 0x494:0xe DW_TAG_member
	.long	.Linfo_string71                 @ DW_AT_name
	.long	1206                            @ DW_AT_type
	.byte	3                               @ DW_AT_decl_file
	.short	1542                            @ DW_AT_decl_line
	.short	504                             @ DW_AT_data_member_location
	.byte	24                              @ Abbrev [24] 0x4a2:0xe DW_TAG_member
	.long	.Linfo_string72                 @ DW_AT_name
	.long	1201                            @ DW_AT_type
	.byte	3                               @ DW_AT_decl_file
	.short	1543                            @ DW_AT_decl_line
	.short	508                             @ DW_AT_data_member_location
	.byte	0                               @ End Of Children Mark
	.byte	25                              @ Abbrev [25] 0x4b1:0x5 DW_TAG_const_type
	.long	1206                            @ DW_AT_type
	.byte	20                              @ Abbrev [20] 0x4b6:0x5 DW_TAG_volatile_type
	.long	321                             @ DW_AT_type
	.byte	15                              @ Abbrev [15] 0x4bb:0xc DW_TAG_array_type
	.long	1201                            @ DW_AT_type
	.byte	16                              @ Abbrev [16] 0x4c0:0x6 DW_TAG_subrange_type
	.long	387                             @ DW_AT_type
	.byte	1                               @ DW_AT_count
	.byte	0                               @ End Of Children Mark
	.byte	15                              @ Abbrev [15] 0x4c7:0xc DW_TAG_array_type
	.long	1201                            @ DW_AT_type
	.byte	16                              @ Abbrev [16] 0x4cc:0x6 DW_TAG_subrange_type
	.long	387                             @ DW_AT_type
	.byte	8                               @ DW_AT_count
	.byte	0                               @ End Of Children Mark
	.byte	15                              @ Abbrev [15] 0x4d3:0xc DW_TAG_array_type
	.long	1201                            @ DW_AT_type
	.byte	16                              @ Abbrev [16] 0x4d8:0x6 DW_TAG_subrange_type
	.long	387                             @ DW_AT_type
	.byte	10                              @ DW_AT_count
	.byte	0                               @ End Of Children Mark
	.byte	15                              @ Abbrev [15] 0x4df:0xc DW_TAG_array_type
	.long	1201                            @ DW_AT_type
	.byte	16                              @ Abbrev [16] 0x4e4:0x6 DW_TAG_subrange_type
	.long	387                             @ DW_AT_type
	.byte	3                               @ DW_AT_count
	.byte	0                               @ End Of Children Mark
	.byte	15                              @ Abbrev [15] 0x4eb:0xc DW_TAG_array_type
	.long	1201                            @ DW_AT_type
	.byte	16                              @ Abbrev [16] 0x4f0:0x6 DW_TAG_subrange_type
	.long	387                             @ DW_AT_type
	.byte	6                               @ DW_AT_count
	.byte	0                               @ End Of Children Mark
	.byte	15                              @ Abbrev [15] 0x4f7:0xc DW_TAG_array_type
	.long	1201                            @ DW_AT_type
	.byte	16                              @ Abbrev [16] 0x4fc:0x6 DW_TAG_subrange_type
	.long	387                             @ DW_AT_type
	.byte	13                              @ DW_AT_count
	.byte	0                               @ End Of Children Mark
	.byte	15                              @ Abbrev [15] 0x503:0xc DW_TAG_array_type
	.long	1201                            @ DW_AT_type
	.byte	16                              @ Abbrev [16] 0x508:0x6 DW_TAG_subrange_type
	.long	387                             @ DW_AT_type
	.byte	40                              @ DW_AT_count
	.byte	0                               @ End Of Children Mark
	.byte	15                              @ Abbrev [15] 0x50f:0xc DW_TAG_array_type
	.long	1201                            @ DW_AT_type
	.byte	16                              @ Abbrev [16] 0x514:0x6 DW_TAG_subrange_type
	.long	387                             @ DW_AT_type
	.byte	2                               @ DW_AT_count
	.byte	0                               @ End Of Children Mark
	.byte	19                              @ Abbrev [19] 0x51b:0x5 DW_TAG_pointer_type
	.long	1312                            @ DW_AT_type
	.byte	21                              @ Abbrev [21] 0x520:0xc DW_TAG_typedef
	.long	1324                            @ DW_AT_type
	.long	.Linfo_string91                 @ DW_AT_name
	.byte	4                               @ DW_AT_decl_file
	.short	330                             @ DW_AT_decl_line
	.byte	26                              @ Abbrev [26] 0x52c:0x13d DW_TAG_structure_type
	.byte	228                             @ DW_AT_byte_size
	.byte	4                               @ DW_AT_decl_file
	.byte	28                              @ DW_AT_decl_line
	.byte	23                              @ Abbrev [23] 0x530:0xd DW_TAG_member
	.long	.Linfo_string74                 @ DW_AT_name
	.long	1206                            @ DW_AT_type
	.byte	4                               @ DW_AT_decl_file
	.short	294                             @ DW_AT_decl_line
	.byte	0                               @ DW_AT_data_member_location
	.byte	23                              @ Abbrev [23] 0x53d:0xd DW_TAG_member
	.long	.Linfo_string75                 @ DW_AT_name
	.long	1206                            @ DW_AT_type
	.byte	4                               @ DW_AT_decl_file
	.short	295                             @ DW_AT_decl_line
	.byte	4                               @ DW_AT_data_member_location
	.byte	23                              @ Abbrev [23] 0x54a:0xd DW_TAG_member
	.long	.Linfo_string76                 @ DW_AT_name
	.long	1206                            @ DW_AT_type
	.byte	4                               @ DW_AT_decl_file
	.short	296                             @ DW_AT_decl_line
	.byte	8                               @ DW_AT_data_member_location
	.byte	23                              @ Abbrev [23] 0x557:0xd DW_TAG_member
	.long	.Linfo_string77                 @ DW_AT_name
	.long	1206                            @ DW_AT_type
	.byte	4                               @ DW_AT_decl_file
	.short	297                             @ DW_AT_decl_line
	.byte	12                              @ DW_AT_data_member_location
	.byte	23                              @ Abbrev [23] 0x564:0xd DW_TAG_member
	.long	.Linfo_string78                 @ DW_AT_name
	.long	1206                            @ DW_AT_type
	.byte	4                               @ DW_AT_decl_file
	.short	298                             @ DW_AT_decl_line
	.byte	16                              @ DW_AT_data_member_location
	.byte	23                              @ Abbrev [23] 0x571:0xd DW_TAG_member
	.long	.Linfo_string25                 @ DW_AT_name
	.long	1201                            @ DW_AT_type
	.byte	4                               @ DW_AT_decl_file
	.short	299                             @ DW_AT_decl_line
	.byte	20                              @ DW_AT_data_member_location
	.byte	23                              @ Abbrev [23] 0x57e:0xd DW_TAG_member
	.long	.Linfo_string79                 @ DW_AT_name
	.long	1206                            @ DW_AT_type
	.byte	4                               @ DW_AT_decl_file
	.short	300                             @ DW_AT_decl_line
	.byte	24                              @ DW_AT_data_member_location
	.byte	23                              @ Abbrev [23] 0x58b:0xd DW_TAG_member
	.long	.Linfo_string28                 @ DW_AT_name
	.long	1641                            @ DW_AT_type
	.byte	4                               @ DW_AT_decl_file
	.short	302                             @ DW_AT_decl_line
	.byte	28                              @ DW_AT_data_member_location
	.byte	23                              @ Abbrev [23] 0x598:0xd DW_TAG_member
	.long	.Linfo_string80                 @ DW_AT_name
	.long	1206                            @ DW_AT_type
	.byte	4                               @ DW_AT_decl_file
	.short	304                             @ DW_AT_decl_line
	.byte	64                              @ DW_AT_data_member_location
	.byte	23                              @ Abbrev [23] 0x5a5:0xd DW_TAG_member
	.long	.Linfo_string31                 @ DW_AT_name
	.long	1295                            @ DW_AT_type
	.byte	4                               @ DW_AT_decl_file
	.short	306                             @ DW_AT_decl_line
	.byte	68                              @ DW_AT_data_member_location
	.byte	23                              @ Abbrev [23] 0x5b2:0xd DW_TAG_member
	.long	.Linfo_string81                 @ DW_AT_name
	.long	1206                            @ DW_AT_type
	.byte	4                               @ DW_AT_decl_file
	.short	308                             @ DW_AT_decl_line
	.byte	76                              @ DW_AT_data_member_location
	.byte	23                              @ Abbrev [23] 0x5bf:0xd DW_TAG_member
	.long	.Linfo_string44                 @ DW_AT_name
	.long	1653                            @ DW_AT_type
	.byte	4                               @ DW_AT_decl_file
	.short	310                             @ DW_AT_decl_line
	.byte	80                              @ DW_AT_data_member_location
	.byte	23                              @ Abbrev [23] 0x5cc:0xd DW_TAG_member
	.long	.Linfo_string82                 @ DW_AT_name
	.long	1206                            @ DW_AT_type
	.byte	4                               @ DW_AT_decl_file
	.short	312                             @ DW_AT_decl_line
	.byte	128                             @ DW_AT_data_member_location
	.byte	23                              @ Abbrev [23] 0x5d9:0xd DW_TAG_member
	.long	.Linfo_string83                 @ DW_AT_name
	.long	1206                            @ DW_AT_type
	.byte	4                               @ DW_AT_decl_file
	.short	313                             @ DW_AT_decl_line
	.byte	132                             @ DW_AT_data_member_location
	.byte	23                              @ Abbrev [23] 0x5e6:0xd DW_TAG_member
	.long	.Linfo_string84                 @ DW_AT_name
	.long	1206                            @ DW_AT_type
	.byte	4                               @ DW_AT_decl_file
	.short	314                             @ DW_AT_decl_line
	.byte	136                             @ DW_AT_data_member_location
	.byte	23                              @ Abbrev [23] 0x5f3:0xd DW_TAG_member
	.long	.Linfo_string85                 @ DW_AT_name
	.long	1206                            @ DW_AT_type
	.byte	4                               @ DW_AT_decl_file
	.short	315                             @ DW_AT_decl_line
	.byte	140                             @ DW_AT_data_member_location
	.byte	23                              @ Abbrev [23] 0x600:0xd DW_TAG_member
	.long	.Linfo_string51                 @ DW_AT_name
	.long	1653                            @ DW_AT_type
	.byte	4                               @ DW_AT_decl_file
	.short	317                             @ DW_AT_decl_line
	.byte	144                             @ DW_AT_data_member_location
	.byte	23                              @ Abbrev [23] 0x60d:0xd DW_TAG_member
	.long	.Linfo_string86                 @ DW_AT_name
	.long	1201                            @ DW_AT_type
	.byte	4                               @ DW_AT_decl_file
	.short	319                             @ DW_AT_decl_line
	.byte	192                             @ DW_AT_data_member_location
	.byte	23                              @ Abbrev [23] 0x61a:0xd DW_TAG_member
	.long	.Linfo_string87                 @ DW_AT_name
	.long	1201                            @ DW_AT_type
	.byte	4                               @ DW_AT_decl_file
	.short	320                             @ DW_AT_decl_line
	.byte	196                             @ DW_AT_data_member_location
	.byte	23                              @ Abbrev [23] 0x627:0xd DW_TAG_member
	.long	.Linfo_string53                 @ DW_AT_name
	.long	1295                            @ DW_AT_type
	.byte	4                               @ DW_AT_decl_file
	.short	322                             @ DW_AT_decl_line
	.byte	200                             @ DW_AT_data_member_location
	.byte	23                              @ Abbrev [23] 0x634:0xd DW_TAG_member
	.long	.Linfo_string88                 @ DW_AT_name
	.long	1201                            @ DW_AT_type
	.byte	4                               @ DW_AT_decl_file
	.short	324                             @ DW_AT_decl_line
	.byte	208                             @ DW_AT_data_member_location
	.byte	23                              @ Abbrev [23] 0x641:0xd DW_TAG_member
	.long	.Linfo_string89                 @ DW_AT_name
	.long	1201                            @ DW_AT_type
	.byte	4                               @ DW_AT_decl_file
	.short	325                             @ DW_AT_decl_line
	.byte	212                             @ DW_AT_data_member_location
	.byte	23                              @ Abbrev [23] 0x64e:0xd DW_TAG_member
	.long	.Linfo_string56                 @ DW_AT_name
	.long	1295                            @ DW_AT_type
	.byte	4                               @ DW_AT_decl_file
	.short	327                             @ DW_AT_decl_line
	.byte	216                             @ DW_AT_data_member_location
	.byte	23                              @ Abbrev [23] 0x65b:0xd DW_TAG_member
	.long	.Linfo_string90                 @ DW_AT_name
	.long	1201                            @ DW_AT_type
	.byte	4                               @ DW_AT_decl_file
	.short	329                             @ DW_AT_decl_line
	.byte	224                             @ DW_AT_data_member_location
	.byte	0                               @ End Of Children Mark
	.byte	15                              @ Abbrev [15] 0x669:0xc DW_TAG_array_type
	.long	1201                            @ DW_AT_type
	.byte	16                              @ Abbrev [16] 0x66e:0x6 DW_TAG_subrange_type
	.long	387                             @ DW_AT_type
	.byte	9                               @ DW_AT_count
	.byte	0                               @ End Of Children Mark
	.byte	15                              @ Abbrev [15] 0x675:0xc DW_TAG_array_type
	.long	1201                            @ DW_AT_type
	.byte	16                              @ Abbrev [16] 0x67a:0x6 DW_TAG_subrange_type
	.long	387                             @ DW_AT_type
	.byte	12                              @ DW_AT_count
	.byte	0                               @ End Of Children Mark
	.byte	19                              @ Abbrev [19] 0x681:0x5 DW_TAG_pointer_type
	.long	1670                            @ DW_AT_type
	.byte	20                              @ Abbrev [20] 0x686:0x5 DW_TAG_volatile_type
	.long	1675                            @ DW_AT_type
	.byte	13                              @ Abbrev [13] 0x68b:0x7 DW_TAG_base_type
	.long	.Linfo_string92                 @ DW_AT_name
	.byte	7                               @ DW_AT_encoding
	.byte	2                               @ DW_AT_byte_size
	.byte	27                              @ Abbrev [27] 0x692:0x39 DW_TAG_subprogram
	.long	.Linfo_string93                 @ DW_AT_name
	.byte	2                               @ DW_AT_decl_file
	.byte	19                              @ DW_AT_decl_line
                                        @ DW_AT_prototyped
	.long	1739                            @ DW_AT_type
	.byte	1                               @ DW_AT_inline
	.byte	28                              @ Abbrev [28] 0x69e:0xb DW_TAG_formal_parameter
	.long	.Linfo_string95                 @ DW_AT_name
	.byte	2                               @ DW_AT_decl_file
	.byte	19                              @ DW_AT_decl_line
	.long	1750                            @ DW_AT_type
	.byte	28                              @ Abbrev [28] 0x6a9:0xb DW_TAG_formal_parameter
	.long	.Linfo_string96                 @ DW_AT_name
	.byte	2                               @ DW_AT_decl_file
	.byte	19                              @ DW_AT_decl_line
	.long	1755                            @ DW_AT_type
	.byte	7                               @ Abbrev [7] 0x6b4:0xb DW_TAG_variable
	.long	.Linfo_string98                 @ DW_AT_name
	.byte	2                               @ DW_AT_decl_file
	.byte	22                              @ DW_AT_decl_line
	.long	1739                            @ DW_AT_type
	.byte	7                               @ Abbrev [7] 0x6bf:0xb DW_TAG_variable
	.long	.Linfo_string99                 @ DW_AT_name
	.byte	2                               @ DW_AT_decl_file
	.byte	21                              @ DW_AT_decl_line
	.long	1755                            @ DW_AT_type
	.byte	0                               @ End Of Children Mark
	.byte	12                              @ Abbrev [12] 0x6cb:0xb DW_TAG_typedef
	.long	1675                            @ DW_AT_type
	.long	.Linfo_string94                 @ DW_AT_name
	.byte	1                               @ DW_AT_decl_file
	.byte	63                              @ DW_AT_decl_line
	.byte	19                              @ Abbrev [19] 0x6d6:0x5 DW_TAG_pointer_type
	.long	380                             @ DW_AT_type
	.byte	13                              @ Abbrev [13] 0x6db:0x7 DW_TAG_base_type
	.long	.Linfo_string97                 @ DW_AT_name
	.byte	5                               @ DW_AT_encoding
	.byte	4                               @ DW_AT_byte_size
	.byte	19                              @ Abbrev [19] 0x6e2:0x5 DW_TAG_pointer_type
	.long	369                             @ DW_AT_type
	.byte	0                               @ End Of Children Mark
.Ldebug_info_end0:
	.section	.debug_str,"MS",%progbits,1
.Linfo_string0:
	.asciz	"Component: Arm Compiler for Embedded 6.19 Tool: armclang [5e73cb00]" @ string offset=0
.Linfo_string1:
	.asciz	"..\\isp_user.c"                @ string offset=68
.Linfo_string2:
	.asciz	"C:\\Users\\jcliu\\Desktop\\M251BSP-master\\SampleCode\\ISP\\APROM\\KEIL" @ string offset=82
.Linfo_string3:
	.asciz	"StartAddress"                  @ string offset=146
.Linfo_string4:
	.asciz	"unsigned int"                  @ string offset=159
.Linfo_string5:
	.asciz	"uint32_t"                      @ string offset=172
.Linfo_string6:
	.asciz	"StartAddress_bak"              @ string offset=181
.Linfo_string7:
	.asciz	"TotalLen"                      @ string offset=198
.Linfo_string8:
	.asciz	"TotalLen_bak"                  @ string offset=207
.Linfo_string9:
	.asciz	"LastDataLen"                   @ string offset=220
.Linfo_string10:
	.asciz	"g_packno"                      @ string offset=232
.Linfo_string11:
	.asciz	"gcmd"                          @ string offset=241
.Linfo_string12:
	.asciz	"response_buff"                 @ string offset=246
.Linfo_string13:
	.asciz	"unsigned char"                 @ string offset=260
.Linfo_string14:
	.asciz	"uint8_t"                       @ string offset=274
.Linfo_string15:
	.asciz	"__ARRAY_SIZE_TYPE__"           @ string offset=282
.Linfo_string16:
	.asciz	"bUpdateApromCmd"               @ string offset=302
.Linfo_string17:
	.asciz	"g_apromSize"                   @ string offset=318
.Linfo_string18:
	.asciz	"g_dataFlashAddr"               @ string offset=330
.Linfo_string19:
	.asciz	"g_dataFlashSize"               @ string offset=346
.Linfo_string20:
	.asciz	"PDID"                          @ string offset=362
.Linfo_string21:
	.asciz	"RSTSTS"                        @ string offset=367
.Linfo_string22:
	.asciz	"IPRST0"                        @ string offset=374
.Linfo_string23:
	.asciz	"IPRST1"                        @ string offset=381
.Linfo_string24:
	.asciz	"IPRST2"                        @ string offset=388
.Linfo_string25:
	.asciz	"RESERVE0"                      @ string offset=395
.Linfo_string26:
	.asciz	"BODCTL"                        @ string offset=404
.Linfo_string27:
	.asciz	"IVSCTL"                        @ string offset=411
.Linfo_string28:
	.asciz	"RESERVE1"                      @ string offset=418
.Linfo_string29:
	.asciz	"PORCTL0"                       @ string offset=427
.Linfo_string30:
	.asciz	"VREFCTL"                       @ string offset=435
.Linfo_string31:
	.asciz	"RESERVE2"                      @ string offset=443
.Linfo_string32:
	.asciz	"GPA_MFPL"                      @ string offset=452
.Linfo_string33:
	.asciz	"GPA_MFPH"                      @ string offset=461
.Linfo_string34:
	.asciz	"GPB_MFPL"                      @ string offset=470
.Linfo_string35:
	.asciz	"GPB_MFPH"                      @ string offset=479
.Linfo_string36:
	.asciz	"GPC_MFPL"                      @ string offset=488
.Linfo_string37:
	.asciz	"GPC_MFPH"                      @ string offset=497
.Linfo_string38:
	.asciz	"GPD_MFPL"                      @ string offset=506
.Linfo_string39:
	.asciz	"GPD_MFPH"                      @ string offset=515
.Linfo_string40:
	.asciz	"GPE_MFPL"                      @ string offset=524
.Linfo_string41:
	.asciz	"GPE_MFPH"                      @ string offset=533
.Linfo_string42:
	.asciz	"GPF_MFPL"                      @ string offset=542
.Linfo_string43:
	.asciz	"GPF_MFPH"                      @ string offset=551
.Linfo_string44:
	.asciz	"RESERVE3"                      @ string offset=560
.Linfo_string45:
	.asciz	"GPA_MFOS"                      @ string offset=569
.Linfo_string46:
	.asciz	"GPB_MFOS"                      @ string offset=578
.Linfo_string47:
	.asciz	"GPC_MFOS"                      @ string offset=587
.Linfo_string48:
	.asciz	"GPD_MFOS"                      @ string offset=596
.Linfo_string49:
	.asciz	"GPE_MFOS"                      @ string offset=605
.Linfo_string50:
	.asciz	"GPF_MFOS"                      @ string offset=614
.Linfo_string51:
	.asciz	"RESERVE4"                      @ string offset=623
.Linfo_string52:
	.asciz	"MODCTL"                        @ string offset=632
.Linfo_string53:
	.asciz	"RESERVE5"                      @ string offset=639
.Linfo_string54:
	.asciz	"SRAM_BISTCTL"                  @ string offset=648
.Linfo_string55:
	.asciz	"SRAM_BISTSTS"                  @ string offset=661
.Linfo_string56:
	.asciz	"RESERVE6"                      @ string offset=674
.Linfo_string57:
	.asciz	"HIRCTRIMCTL"                   @ string offset=683
.Linfo_string58:
	.asciz	"HIRCTRIMIEN"                   @ string offset=695
.Linfo_string59:
	.asciz	"HIRCTRIMSTS"                   @ string offset=707
.Linfo_string60:
	.asciz	"RESERVE7"                      @ string offset=719
.Linfo_string61:
	.asciz	"REGLCTL"                       @ string offset=728
.Linfo_string62:
	.asciz	"MIRCTRIMCTL"                   @ string offset=736
.Linfo_string63:
	.asciz	"MIRCTRIMIEN"                   @ string offset=748
.Linfo_string64:
	.asciz	"MIRCTRIMSTS"                   @ string offset=760
.Linfo_string65:
	.asciz	"RESERVE8"                      @ string offset=772
.Linfo_string66:
	.asciz	"RTCLVRIEN"                     @ string offset=781
.Linfo_string67:
	.asciz	"RTCLVRSTS"                     @ string offset=791
.Linfo_string68:
	.asciz	"RESERVE9"                      @ string offset=801
.Linfo_string69:
	.asciz	"PORCTL1"                       @ string offset=810
.Linfo_string70:
	.asciz	"RESERVE10"                     @ string offset=818
.Linfo_string71:
	.asciz	"PLCTL"                         @ string offset=828
.Linfo_string72:
	.asciz	"PLSTS"                         @ string offset=834
.Linfo_string73:
	.asciz	"SYS_T"                         @ string offset=840
.Linfo_string74:
	.asciz	"ISPCTL"                        @ string offset=846
.Linfo_string75:
	.asciz	"ISPADDR"                       @ string offset=853
.Linfo_string76:
	.asciz	"ISPDAT"                        @ string offset=861
.Linfo_string77:
	.asciz	"ISPCMD"                        @ string offset=868
.Linfo_string78:
	.asciz	"ISPTRG"                        @ string offset=875
.Linfo_string79:
	.asciz	"FTCTL"                         @ string offset=882
.Linfo_string80:
	.asciz	"ISPSTS"                        @ string offset=888
.Linfo_string81:
	.asciz	"CYCCTL"                        @ string offset=895
.Linfo_string82:
	.asciz	"MPDAT0"                        @ string offset=902
.Linfo_string83:
	.asciz	"MPDAT1"                        @ string offset=909
.Linfo_string84:
	.asciz	"MPDAT2"                        @ string offset=916
.Linfo_string85:
	.asciz	"MPDAT3"                        @ string offset=923
.Linfo_string86:
	.asciz	"MPSTS"                         @ string offset=930
.Linfo_string87:
	.asciz	"MPADDR"                        @ string offset=936
.Linfo_string88:
	.asciz	"XOMR0STS0"                     @ string offset=943
.Linfo_string89:
	.asciz	"XOMR0STS1"                     @ string offset=953
.Linfo_string90:
	.asciz	"XOMSTS"                        @ string offset=963
.Linfo_string91:
	.asciz	"FMC_T"                         @ string offset=970
.Linfo_string92:
	.asciz	"unsigned short"                @ string offset=976
.Linfo_string93:
	.asciz	"Checksum"                      @ string offset=991
.Linfo_string94:
	.asciz	"uint16_t"                      @ string offset=1000
.Linfo_string95:
	.asciz	"buf"                           @ string offset=1009
.Linfo_string96:
	.asciz	"len"                           @ string offset=1013
.Linfo_string97:
	.asciz	"int"                           @ string offset=1017
.Linfo_string98:
	.asciz	"c"                             @ string offset=1021
.Linfo_string99:
	.asciz	"i"                             @ string offset=1023
.Linfo_string100:
	.asciz	"ParseCmd"                      @ string offset=1025
.Linfo_string101:
	.asciz	"buffer"                        @ string offset=1034
.Linfo_string102:
	.asciz	"srclen"                        @ string offset=1041
.Linfo_string103:
	.asciz	"pSrc"                          @ string offset=1048
.Linfo_string104:
	.asciz	"lcmd"                          @ string offset=1053
.Linfo_string105:
	.asciz	"response"                      @ string offset=1058
.Linfo_string106:
	.asciz	"lcksum"                        @ string offset=1067
.Linfo_string107:
	.asciz	"regcnf0"                       @ string offset=1074
.Linfo_string108:
	.asciz	"security"                      @ string offset=1082
.Linfo_string109:
	.asciz	"out"                           @ string offset=1091
	.ident	"Component: Arm Compiler for Embedded 6.19 Tool: armclang [5e73cb00]"
	.section	".note.GNU-stack","",%progbits
	.eabi_attribute	30, 4	@ Tag_ABI_optimization_goals
	.ARM_attribute	16, 1	@ Tag_AV_eba
	.section	.debug_line,"",%progbits
.Lline_table_start0:
